Log file open, 06/14/18 09:38:52
LogWindows: Failed to load 'aqProf.dll' (GetLastError=126)
LogWindows: File 'aqProf.dll' does not exist
LogWindows: Failed to load 'VtuneApi.dll' (GetLastError=126)
LogWindows: File 'VtuneApi.dll' does not exist
LogWindows: Failed to load 'VtuneApi32e.dll' (GetLastError=126)
LogWindows: File 'VtuneApi32e.dll' does not exist
LogInit: Display: Running engine for game: Replay
LogPlatformFile: Not using cached read wrapper
LogInit: Display: RandInit(1516359522) SRandInit(1516359522).
LogInit: Read version file with build ID '3944462'
LogInit: Overriding engine version to CL 4033788, compatible CL 3944462
LogInit: Registered custom module enumerator with build ID '3944462'
LogTaskGraph: Started task graph with 5 named threads and 23 total threads with 3 sets of task threads.
LogStats: Stats thread started at 0.249561
LogD3D11RHI: Aftermath initialized
LogICUInternationalization: Display: ICU TimeZone Detection - Raw Offset: -3:00, Platform Override: ''
LogPluginManager: Mounting plugin Paper2D
LogPluginManager: Mounting plugin LiveLink
LogPluginManager: Mounting plugin LightPropagationVolume
LogPluginManager: Mounting plugin CLionSourceCodeAccess
LogPluginManager: Mounting plugin CodeLiteSourceCodeAccess
LogPluginManager: Mounting plugin GitSourceControl
LogPluginManager: Mounting plugin KDevelopSourceCodeAccess
LogPluginManager: Mounting plugin NullSourceCodeAccess
LogPluginManager: Mounting plugin PerforceSourceControl
LogPluginManager: Mounting plugin SubversionSourceControl
LogPluginManager: Mounting plugin UObjectPlugin
LogPluginManager: Mounting plugin VisualStudioCodeSourceCodeAccess
LogPluginManager: Mounting plugin VisualStudioSourceCodeAccess
LogPluginManager: Mounting plugin XCodeSourceCodeAccess
LogPluginManager: Mounting plugin AssetManagerEditor
LogPluginManager: Mounting plugin CryptoKeys
LogPluginManager: Mounting plugin DataValidation
LogPluginManager: Mounting plugin FacialAnimation
LogPluginManager: Mounting plugin GameplayTagsEditor
LogPluginManager: Mounting plugin MobileLauncherProfileWizard
LogPluginManager: Mounting plugin PluginBrowser
LogPluginManager: Mounting plugin SpeedTreeImporter
LogPluginManager: Mounting plugin DatasmithContent
LogPluginManager: Mounting plugin AlembicImporter
LogPluginManager: Mounting plugin CharacterAI
LogPluginManager: Mounting plugin HTML5Networking
LogPluginManager: Mounting plugin AndroidMedia
LogPluginManager: Mounting plugin AvfMedia
LogPluginManager: Mounting plugin ImgMedia
LogPluginManager: Mounting plugin LinearTimecode
LogPluginManager: Mounting plugin MediaCompositing
LogPluginManager: Mounting plugin MediaPlayerEditor
LogPluginManager: Mounting plugin WmfMedia
LogPluginManager: Mounting plugin TcpMessaging
LogPluginManager: Mounting plugin UdpMessaging
LogPluginManager: Mounting plugin ActorSequence
LogPluginManager: Mounting plugin LevelSequenceEditor
LogPluginManager: Mounting plugin MatineeToLevelSequence
LogPluginManager: Mounting plugin NetcodeUnitTest
LogPluginManager: Mounting plugin NUTUnrealEngine4
LogPluginManager: Mounting plugin OnlineSubsystemGooglePlay
LogPluginManager: Mounting plugin OnlineSubsystemIOS
LogPluginManager: Mounting plugin OnlineSubsystem
LogPluginManager: Mounting plugin OnlineSubsystemNull
LogPluginManager: Mounting plugin OnlineSubsystemUtils
LogPluginManager: Mounting plugin AndroidDeviceProfileSelector
LogPluginManager: Mounting plugin AndroidMoviePlayer
LogPluginManager: Mounting plugin AndroidPermission
LogPluginManager: Mounting plugin AppleARKit
LogPluginManager: Mounting plugin AppleMoviePlayer
LogPluginManager: Mounting plugin ArchVisCharacter
LogPluginManager: Mounting plugin AudioCapture
LogPluginManager: Mounting plugin CableComponent
LogPluginManager: Mounting plugin CustomMeshComponent
LogPluginManager: Mounting plugin ExampleDeviceProfileSelector
LogPluginManager: Mounting plugin GoogleCloudMessaging
LogPluginManager: Mounting plugin ImmediatePhysics
LogPluginManager: Mounting plugin IOSDeviceProfileSelector
LogPluginManager: Mounting plugin LinuxDeviceProfileSelector
LogPluginManager: Mounting plugin LocationServicesBPLibrary
LogPluginManager: Mounting plugin MobilePatchingUtils
LogPluginManager: Mounting plugin OculusVR
LogPluginManager: Plugin shader directory ../../../Engine/Plugins/Runtime/Oculus/OculusVR/Shaders found
LogPluginManager: Mapping shader source directory ../../../Engine/Plugins/Runtime/Oculus/OculusVR/Shaders to virtual directory /Plugin/OculusVR
LogPluginManager: Mounting plugin PhysXVehicles
LogPluginManager: Mounting plugin ProceduralMeshComponent
LogPluginManager: Mounting plugin RuntimePhysXCooking
LogPluginManager: Mounting plugin SteamVR
LogPluginManager: Mounting plugin WindowsMoviePlayer
LogStreaming: Display: Took  0.066s to configure plugins.
LogModuleManager: Display: Found up-to-date module file ../../../../../Vinicius Oliveira/Git/Replay/Replay/Binaries/Win64/UE4Editor-Replay.dll (API version 3944462).
LogModuleManager: Display: Found up-to-date module file ../../../Engine/Plugins/2D/Paper2D/Binaries/Win64/UE4Editor-Paper2D.dll (API version 3944462).
LogModuleManager: Display: Found up-to-date module file ../../../Engine/Plugins/2D/Paper2D/Binaries/Win64/UE4Editor-Paper2DEditor.dll (API version 3944462).
LogModuleManager: Display: Found up-to-date module file ../../../Engine/Plugins/2D/Paper2D/Binaries/Win64/UE4Editor-PaperSpriteSheetImporter.dll (API version 3944462).
LogModuleManager: Display: Found up-to-date module file ../../../Engine/Plugins/2D/Paper2D/Binaries/Win64/UE4Editor-PaperTiledImporter.dll (API version 3944462).
LogModuleManager: Display: Found up-to-date module file ../../../Engine/Plugins/2D/Paper2D/Binaries/Win64/UE4Editor-SmartSnapping.dll (API version 3944462).
LogModuleManager: Display: Found up-to-date module file ../../../Engine/Plugins/Animation/LiveLink/Binaries/Win64/UE4Editor-LiveLink.dll (API version 3944462).
LogModuleManager: Display: Found up-to-date module file ../../../Engine/Plugins/Animation/LiveLink/Binaries/Win64/UE4Editor-LiveLinkEditor.dll (API version 3944462).
LogModuleManager: Display: Found up-to-date module file ../../../Engine/Plugins/Blendables/LightPropagationVolume/Binaries/Win64/UE4Editor-LightPropagationVolumeRuntime.dll (API version 3944462).
LogModuleManager: Display: Found up-to-date module file ../../../Engine/Plugins/Blendables/LightPropagationVolume/Binaries/Win64/UE4Editor-LightPropagationVolumeEditor.dll (API version 3944462).
LogModuleManager: Display: Found up-to-date module file ../../../Engine/Plugins/Developer/CLionSourceCodeAccess/Binaries/Win64/UE4Editor-CLionSourceCodeAccess.dll (API version 3944462).
LogModuleManager: Display: Found up-to-date module file ../../../Engine/Plugins/Developer/GitSourceControl/Binaries/Win64/UE4Editor-GitSourceControl.dll (API version 3944462).
LogModuleManager: Display: Found up-to-date module file ../../../Engine/Plugins/Developer/PerforceSourceControl/Binaries/Win64/UE4Editor-PerforceSourceControl.dll (API version 3944462).
LogModuleManager: Display: Found up-to-date module file ../../../Engine/Plugins/Developer/SubversionSourceControl/Binaries/Win64/UE4Editor-SubversionSourceControl.dll (API version 3944462).
LogModuleManager: Display: Found up-to-date module file ../../../Engine/Plugins/Developer/UObjectPlugin/Binaries/Win64/UE4Editor-UObjectPlugin.dll (API version 3944462).
LogModuleManager: Display: Found up-to-date module file ../../../Engine/Plugins/Developer/VisualStudioCodeSourceCodeAccess/Binaries/Win64/UE4Editor-VisualStudioCodeSourceCodeAccess.dll (API version 3944462).
LogModuleManager: Display: Found up-to-date module file ../../../Engine/Plugins/Developer/VisualStudioSourceCodeAccess/Binaries/Win64/UE4Editor-VisualStudioSourceCodeAccess.dll (API version 3944462).
LogModuleManager: Display: Found up-to-date module file ../../../Engine/Plugins/Editor/AssetManagerEditor/Binaries/Win64/UE4Editor-AssetManagerEditor.dll (API version 3944462).
LogModuleManager: Display: Found up-to-date module file ../../../Engine/Plugins/Editor/CryptoKeys/Binaries/Win64/UE4Editor-CryptoKeys.dll (API version 3944462).
LogModuleManager: Display: Found up-to-date module file ../../../Engine/Plugins/Editor/CryptoKeys/Binaries/Win64/UE4Editor-CryptoKeysOpenSSL.dll (API version 3944462).
LogModuleManager: Display: Found up-to-date module file ../../../Engine/Plugins/Editor/DataValidation/Binaries/Win64/UE4Editor-DataValidation.dll (API version 3944462).
LogModuleManager: Display: Found up-to-date module file ../../../Engine/Plugins/Editor/FacialAnimation/Binaries/Win64/UE4Editor-FacialAnimation.dll (API version 3944462).
LogModuleManager: Display: Found up-to-date module file ../../../Engine/Plugins/Editor/FacialAnimation/Binaries/Win64/UE4Editor-FacialAnimationEditor.dll (API version 3944462).
LogModuleManager: Display: Found up-to-date module file ../../../Engine/Plugins/Editor/GameplayTagsEditor/Binaries/Win64/UE4Editor-GameplayTagsEditor.dll (API version 3944462).
LogModuleManager: Display: Found up-to-date module file ../../../Engine/Plugins/Editor/MobileLauncherProfileWizard/Binaries/Win64/UE4Editor-MobileLauncherProfileWizard.dll (API version 3944462).
LogModuleManager: Display: Found up-to-date module file ../../../Engine/Plugins/Editor/PluginBrowser/Binaries/Win64/UE4Editor-PluginBrowser.dll (API version 3944462).
LogModuleManager: Display: Found up-to-date module file ../../../Engine/Plugins/Editor/SpeedTreeImporter/Binaries/Win64/UE4Editor-SpeedTreeImporter.dll (API version 3944462).
LogModuleManager: Display: Found up-to-date module file ../../../Engine/Plugins/Enterprise/DatasmithContent/Binaries/Win64/UE4Editor-DatasmithContent.dll (API version 3944462).
LogModuleManager: Display: Found up-to-date module file ../../../Engine/Plugins/Experimental/AlembicImporter/Binaries/Win64/UE4Editor-AlembicImporter.dll (API version 3944462).
LogModuleManager: Display: Found up-to-date module file ../../../Engine/Plugins/Experimental/AlembicImporter/Binaries/Win64/UE4Editor-AlembicLibrary.dll (API version 3944462).
LogModuleManager: Display: Found up-to-date module file ../../../Engine/Plugins/Experimental/CharacterAI/Binaries/Win64/UE4Editor-CharacterAI.dll (API version 3944462).
LogModuleManager: Display: Found up-to-date module file ../../../Engine/Plugins/Experimental/HTML5Networking/Binaries/Win64/UE4Editor-HTML5Networking.dll (API version 3944462).
LogModuleManager: Display: Found up-to-date module file ../../../Engine/Plugins/Media/AndroidMedia/Binaries/Win64/UE4Editor-AndroidMediaEditor.dll (API version 3944462).
LogModuleManager: Display: Found up-to-date module file ../../../Engine/Plugins/Media/AndroidMedia/Binaries/Win64/UE4Editor-AndroidMediaFactory.dll (API version 3944462).
LogModuleManager: Display: Found up-to-date module file ../../../Engine/Plugins/Media/AvfMedia/Binaries/Win64/UE4Editor-AvfMediaEditor.dll (API version 3944462).
LogModuleManager: Display: Found up-to-date module file ../../../Engine/Plugins/Media/AvfMedia/Binaries/Win64/UE4Editor-AvfMediaFactory.dll (API version 3944462).
LogModuleManager: Display: Found up-to-date module file ../../../Engine/Plugins/Media/AvfMedia/Binaries/Win64/UE4Editor-AvfMediaFactory.dll (API version 3944462).
LogModuleManager: Display: Found up-to-date module file ../../../Engine/Plugins/Media/ImgMedia/Binaries/Win64/UE4Editor-ImgMedia.dll (API version 3944462).
LogModuleManager: Display: Found up-to-date module file ../../../Engine/Plugins/Media/ImgMedia/Binaries/Win64/UE4Editor-ImgMediaEditor.dll (API version 3944462).
LogModuleManager: Display: Found up-to-date module file ../../../Engine/Plugins/Media/ImgMedia/Binaries/Win64/UE4Editor-ImgMediaFactory.dll (API version 3944462).
LogModuleManager: Display: Found up-to-date module file ../../../Engine/Plugins/Media/ImgMedia/Binaries/Win64/UE4Editor-ImgMediaFactory.dll (API version 3944462).
LogModuleManager: Display: Found up-to-date module file ../../../Engine/Plugins/Media/ImgMedia/Binaries/Win64/UE4Editor-OpenExrWrapper.dll (API version 3944462).
LogModuleManager: Display: Found up-to-date module file ../../../Engine/Plugins/Media/LinearTimecode/Binaries/Win64/UE4Editor-LinearTimecode.dll (API version 3944462).
LogModuleManager: Display: Found up-to-date module file ../../../Engine/Plugins/Media/MediaCompositing/Binaries/Win64/UE4Editor-MediaCompositing.dll (API version 3944462).
LogModuleManager: Display: Found up-to-date module file ../../../Engine/Plugins/Media/MediaCompositing/Binaries/Win64/UE4Editor-MediaCompositingEditor.dll (API version 3944462).
LogModuleManager: Display: Found up-to-date module file ../../../Engine/Plugins/Media/MediaPlayerEditor/Binaries/Win64/UE4Editor-MediaPlayerEditor.dll (API version 3944462).
LogModuleManager: Display: Found up-to-date module file ../../../Engine/Plugins/Media/WmfMedia/Binaries/Win64/UE4Editor-WmfMedia.dll (API version 3944462).
LogModuleManager: Display: Found up-to-date module file ../../../Engine/Plugins/Media/WmfMedia/Binaries/Win64/UE4Editor-WmfMediaEditor.dll (API version 3944462).
LogModuleManager: Display: Found up-to-date module file ../../../Engine/Plugins/Media/WmfMedia/Binaries/Win64/UE4Editor-WmfMediaFactory.dll (API version 3944462).
LogModuleManager: Display: Found up-to-date module file ../../../Engine/Plugins/Media/WmfMedia/Binaries/Win64/UE4Editor-WmfMediaFactory.dll (API version 3944462).
LogModuleManager: Display: Found up-to-date module file ../../../Engine/Plugins/Messaging/TcpMessaging/Binaries/Win64/UE4Editor-TcpMessaging.dll (API version 3944462).
LogModuleManager: Display: Found up-to-date module file ../../../Engine/Plugins/Messaging/UdpMessaging/Binaries/Win64/UE4Editor-UdpMessaging.dll (API version 3944462).
LogModuleManager: Display: Found up-to-date module file ../../../Engine/Plugins/MovieScene/ActorSequence/Binaries/Win64/UE4Editor-ActorSequence.dll (API version 3944462).
LogModuleManager: Display: Found up-to-date module file ../../../Engine/Plugins/MovieScene/LevelSequenceEditor/Binaries/Win64/UE4Editor-LevelSequenceEditor.dll (API version 3944462).
LogModuleManager: Display: Found up-to-date module file ../../../Engine/Plugins/MovieScene/MatineeToLevelSequence/Binaries/Win64/UE4Editor-MatineeToLevelSequence.dll (API version 3944462).
LogModuleManager: Display: Found up-to-date module file ../../../Engine/Plugins/NetcodeUnitTest/NetcodeUnitTest/Binaries/Win64/UE4Editor-NetcodeUnitTest.dll (API version 3944462).
LogModuleManager: Display: Found up-to-date module file ../../../Engine/Plugins/NetcodeUnitTest/NUTUnrealEngine4/Binaries/Win64/UE4Editor-NUTUnrealEngine4.dll (API version 3944462).
LogModuleManager: Display: Found up-to-date module file ../../../Engine/Plugins/Online/OnlineSubsystem/Binaries/Win64/UE4Editor-OnlineSubsystem.dll (API version 3944462).
LogModuleManager: Display: Found up-to-date module file ../../../Engine/Plugins/Online/OnlineSubsystemNull/Binaries/Win64/UE4Editor-OnlineSubsystemNull.dll (API version 3944462).
LogModuleManager: Display: Found up-to-date module file ../../../Engine/Plugins/Online/OnlineSubsystemUtils/Binaries/Win64/UE4Editor-OnlineSubsystemUtils.dll (API version 3944462).
LogModuleManager: Display: Found up-to-date module file ../../../Engine/Plugins/Online/OnlineSubsystemUtils/Binaries/Win64/UE4Editor-OnlineBlueprintSupport.dll (API version 3944462).
LogModuleManager: Display: Found up-to-date module file ../../../Engine/Plugins/Runtime/AndroidDeviceProfileSelector/Binaries/Win64/UE4Editor-AndroidDeviceProfileSelector.dll (API version 3944462).
LogModuleManager: Display: Found up-to-date module file ../../../Engine/Plugins/Runtime/AndroidPermission/Binaries/Win64/UE4Editor-AndroidPermission.dll (API version 3944462).
LogModuleManager: Display: Found up-to-date module file ../../../Engine/Plugins/Runtime/AppleARKit/Binaries/Win64/UE4Editor-AppleARKit.dll (API version 3944462).
LogModuleManager: Display: Found up-to-date module file ../../../Engine/Plugins/Runtime/ArchVisCharacter/Binaries/Win64/UE4Editor-ArchVisCharacter.dll (API version 3944462).
LogModuleManager: Display: Found up-to-date module file ../../../Engine/Plugins/Runtime/AudioCapture/Binaries/Win64/UE4Editor-AudioCapture.dll (API version 3944462).
LogModuleManager: Display: Found up-to-date module file ../../../Engine/Plugins/Runtime/AudioCapture/Binaries/Win64/UE4Editor-AudioCaptureEditor.dll (API version 3944462).
LogModuleManager: Display: Found up-to-date module file ../../../Engine/Plugins/Runtime/CableComponent/Binaries/Win64/UE4Editor-CableComponent.dll (API version 3944462).
LogModuleManager: Display: Found up-to-date module file ../../../Engine/Plugins/Runtime/CustomMeshComponent/Binaries/Win64/UE4Editor-CustomMeshComponent.dll (API version 3944462).
LogModuleManager: Display: Found up-to-date module file ../../../Engine/Plugins/Runtime/ExampleDeviceProfileSelector/Binaries/Win64/UE4Editor-ExampleDeviceProfileSelector.dll (API version 3944462).
LogModuleManager: Display: Found up-to-date module file ../../../Engine/Plugins/Runtime/ImmediatePhysics/Binaries/Win64/UE4Editor-ImmediatePhysics.dll (API version 3944462).
LogModuleManager: Display: Found up-to-date module file ../../../Engine/Plugins/Runtime/ImmediatePhysics/Binaries/Win64/UE4Editor-ImmediatePhysicsEditor.dll (API version 3944462).
LogModuleManager: Display: Found up-to-date module file ../../../Engine/Plugins/Runtime/LocationServicesBPLibrary/Binaries/Win64/UE4Editor-LocationServicesBPLibrary.dll (API version 3944462).
LogModuleManager: Display: Found up-to-date module file ../../../Engine/Plugins/Runtime/MobilePatchingUtils/Binaries/Win64/UE4Editor-MobilePatchingUtils.dll (API version 3944462).
LogModuleManager: Display: Found up-to-date module file ../../../Engine/Plugins/Runtime/Oculus/OculusVR/Binaries/Win64/UE4Editor-OculusHMD.dll (API version 3944462).
LogModuleManager: Display: Found up-to-date module file ../../../Engine/Plugins/Runtime/Oculus/OculusVR/Binaries/Win64/UE4Editor-OculusInput.dll (API version 3944462).
LogModuleManager: Display: Found up-to-date module file ../../../Engine/Plugins/Runtime/Oculus/OculusVR/Binaries/Win64/UE4Editor-OculusEditor.dll (API version 3944462).
LogModuleManager: Display: Found up-to-date module file ../../../Engine/Plugins/Runtime/PhysXVehicles/Binaries/Win64/UE4Editor-PhysXVehicles.dll (API version 3944462).
LogModuleManager: Display: Found up-to-date module file ../../../Engine/Plugins/Runtime/PhysXVehicles/Binaries/Win64/UE4Editor-PhysXVehiclesEditor.dll (API version 3944462).
LogModuleManager: Display: Found up-to-date module file ../../../Engine/Plugins/Runtime/ProceduralMeshComponent/Binaries/Win64/UE4Editor-ProceduralMeshComponent.dll (API version 3944462).
LogModuleManager: Display: Found up-to-date module file ../../../Engine/Plugins/Runtime/ProceduralMeshComponent/Binaries/Win64/UE4Editor-ProceduralMeshComponentEditor.dll (API version 3944462).
LogModuleManager: Display: Found up-to-date module file ../../../Engine/Plugins/Runtime/RuntimePhysXCooking/Binaries/Win64/UE4Editor-RuntimePhysXCooking.dll (API version 3944462).
LogModuleManager: Display: Found up-to-date module file ../../../Engine/Plugins/Runtime/Steam/SteamVR/Binaries/Win64/UE4Editor-SteamVR.dll (API version 3944462).
LogModuleManager: Display: Found up-to-date module file ../../../Engine/Plugins/Runtime/Steam/SteamVR/Binaries/Win64/UE4Editor-SteamVRController.dll (API version 3944462).
LogModuleManager: Display: Found up-to-date module file ../../../Engine/Plugins/Runtime/WindowsMoviePlayer/Binaries/Win64/UE4Editor-WindowsMoviePlayer.dll (API version 3944462).
LogInit: Using libcurl 7.47.1
LogInit:  - built for x86_64-pc-win32
LogInit:  - supports SSL with OpenSSL/1.0.2g
LogInit:  - supports HTTP deflate (compression) using libz 1.2.8
LogInit:  - other features:
LogInit:      CURL_VERSION_SSL
LogInit:      CURL_VERSION_LIBZ
LogInit:      CURL_VERSION_IPV6
LogInit:      CURL_VERSION_ASYNCHDNS
LogInit:      CURL_VERSION_LARGEFILE
LogInit:      CURL_VERSION_IDN
LogInit:  CurlRequestOptions (configurable via config and command line):
LogInit:  - bVerifyPeer = false  - Libcurl will NOT verify peer certificate
LogInit:  - bUseHttpProxy = false  - Libcurl will NOT use HTTP proxy
LogInit:  - bDontReuseConnections = false  - Libcurl will reuse connections
LogInit:  - CertBundlePath = nullptr  - Libcurl will use whatever was configured at build time.
LogInit:  - MaxHostConnections = 16  - Libcurl will limit the number of connections to a host
LogInit:  - LocalHostAddr = Default
LogInit: WinSock: version 1.1 (2.2), MaxSocks=32767, MaxUdp=65467
LogInit: WinSock: I am INTERLAB-XPS (143.107.164.150:0)
LogInit: Build: ++UE4+Release-4.19-CL-4033788
LogInit: Engine Version: 4.19.2-4033788+++UE4+Release-4.19
LogInit: Compatible Engine Version: 4.19.0-3944462+++UE4+Release-4.19
LogInit: Net CL: 3944462
LogDevObjectVersion: Number of dev versions registered: 18
LogDevObjectVersion:   Dev-Blueprints (B0D832E4-1F89-4F0D-ACCF-7EB736FD4AA2): 10
LogDevObjectVersion:   Dev-Build (E1C64328-A22C-4D53-A36C-8E866417BD8C): 0
LogDevObjectVersion:   Dev-Core (375EC13C-06E4-48FB-B500-84F0262A717E): 2
LogDevObjectVersion:   Dev-Editor (E4B068ED-F494-42E9-A231-DA0B2E46BB41): 23
LogDevObjectVersion:   Dev-Framework (CFFC743F-43B0-4480-9391-14DF171D2073): 33
LogDevObjectVersion:   Dev-Mobile (B02B49B5-BB20-44E9-A304-32B752E40360): 2
LogDevObjectVersion:   Dev-Networking (A4E4105C-59A1-49B5-A7C5-40C4547EDFEE): 0
LogDevObjectVersion:   Dev-Online (39C831C9-5AE6-47DC-9A44-9C173E1C8E7C): 0
LogDevObjectVersion:   Dev-Physics (78F01B33-EBEA-4F98-B9B4-84EACCB95AA2): 0
LogDevObjectVersion:   Dev-Platform (6631380F-2D4D-43E0-8009-CF276956A95A): 0
LogDevObjectVersion:   Dev-Rendering (12F88B9F-8875-4AFC-A67C-D90C383ABD29): 25
LogDevObjectVersion:   Dev-Sequencer (7B5AE74C-D270-4C10-A958-57980B212A5A): 6
LogDevObjectVersion:   Dev-VR (D7296918-1DD6-4BDD-9DE2-64A83CC13884): 1
LogDevObjectVersion:   Dev-LoadTimes (C2A15278-BFE7-4AFE-6C17-90FF531DF755): 1
LogDevObjectVersion:   Private-Geometry (6EACA3D4-40EC-4CC1-B786-8BED09428FC5): 2
LogDevObjectVersion:   Dev-AnimPhys (29E575DD-E0A3-4627-9D10-D276232CDCEA): 16
LogDevObjectVersion:   Dev-ReflectionCapture (6B266CEC-1EC7-4B8F-A30B-E4D90942FC07): 1
LogDevObjectVersion:   Dev-Automation (0DF73D61-A23F-47EA-B727-89E90C41499A): 1
LogInit: Compiled (64-bit): Apr 27 2018 02:06:57
LogInit: Compiled with Visual C++: 19.00.24215.01
LogInit: Build Configuration: Development
LogInit: Branch Name: ++UE4+Release-4.19
LogInit: Command Line:  
LogInit: Base Directory: D:/Epic Games/UE_4.19/Engine/Binaries/Win64/
LogInit: Installed Engine Build: 1
LogStreaming: Display: Took  0.000s to delete old logs.
LogInit: Presizing for max 8388607 objects, including 0 objects not considered by GC, pre-allocating 0 bytes for permanent pool.
LogInit: Object subsystem initialized
[2018.06.14-12.38.53:584][  0]LogInit: Selected Device Profile: [Windows]
[2018.06.14-12.38.53:584][  0]LogInit: Applying CVar settings loaded from the selected device profile: [Windows]
[2018.06.14-12.38.53:590][  0]LogInit: Computer: INTERLAB-XPS
[2018.06.14-12.38.53:590][  0]LogInit: User: INTERLAB
[2018.06.14-12.38.53:590][  0]LogInit: CPU Page size=4096, Cores=4
[2018.06.14-12.38.53:590][  0]LogInit: High frequency timer resolution =4.101567 MHz
[2018.06.14-12.38.53:590][  0]LogMemory: Memory total: Physical=15.9GB (16GB approx)
[2018.06.14-12.38.53:590][  0]LogMemory: Platform Memory Stats for Windows
[2018.06.14-12.38.53:590][  0]LogMemory: Process Physical Memory: 281.72 MB used, 281.72 MB peak
[2018.06.14-12.38.53:590][  0]LogMemory: Process Virtual Memory: 271.95 MB used, 271.95 MB peak
[2018.06.14-12.38.53:590][  0]LogMemory: Physical Memory: 5703.65 MB used,  10583.86 MB free, 16287.50 MB total
[2018.06.14-12.38.53:590][  0]LogMemory: Virtual Memory: 4848.09 MB used,  10583.86 MB free, 134217728.00 MB total
[2018.06.14-12.38.53:601][  0]LogInit: Overriding language with editor language configuration option (en).
[2018.06.14-12.38.53:601][  0]LogInit: Overriding locale with editor locale configuration option (en).
[2018.06.14-12.38.53:900][  0]LogStreaming: Display: Took  0.299s to EndInitTextLocalization.
[2018.06.14-12.38.53:900][  0]LogInit: Setting process to per monitor DPI aware
[2018.06.14-12.38.53:921][  0]LogSlate: New Slate User Created.  User Index 0, Is Virtual User: 0
[2018.06.14-12.38.53:921][  0]LogSlate: Slate User Registered.  User Index 0, Is Virtual User: 0
[2018.06.14-12.38.54:042][  0]LogD3D11RHI: D3D11 adapters:
[2018.06.14-12.38.54:086][  0]LogD3D11RHI:    0. 'NVIDIA GeForce GTX 1070' (Feature Level 11_0)
[2018.06.14-12.38.54:086][  0]LogD3D11RHI:       8096/0/8143 MB DedicatedVideo/DedicatedSystem/SharedSystem, Outputs:1, VendorId:0x10de
[2018.06.14-12.38.54:091][  0]LogD3D11RHI:    1. 'Intel(R) HD Graphics 630' (Feature Level 11_0)
[2018.06.14-12.38.54:091][  0]LogD3D11RHI:       128/0/8143 MB DedicatedVideo/DedicatedSystem/SharedSystem, Outputs:0, VendorId:0x8086
[2018.06.14-12.38.54:092][  0]LogD3D11RHI:    2. 'Microsoft Basic Render Driver' (Feature Level 11_0)
[2018.06.14-12.38.54:093][  0]LogD3D11RHI:       0/0/8143 MB DedicatedVideo/DedicatedSystem/SharedSystem, Outputs:0, VendorId:0x1414
[2018.06.14-12.38.54:093][  0]LogD3D11RHI: Chosen D3D11 Adapter: 0
[2018.06.14-12.38.54:098][  0]LogD3D11RHI: Creating new Direct3DDevice
[2018.06.14-12.38.54:098][  0]LogD3D11RHI:     GPU DeviceId: 0x1b81 (for the marketing name, search the web for "GPU Device Id")
[2018.06.14-12.38.54:098][  0]LogWindows: EnumDisplayDevices:
[2018.06.14-12.38.54:098][  0]LogWindows:    0. 'NVIDIA GeForce GTX 1070' (P:1 D:1)
[2018.06.14-12.38.54:098][  0]LogWindows:    1. 'NVIDIA GeForce GTX 1070' (P:0 D:0)
[2018.06.14-12.38.54:098][  0]LogWindows:    2. 'NVIDIA GeForce GTX 1070' (P:0 D:0)
[2018.06.14-12.38.54:098][  0]LogWindows:    3. 'NVIDIA GeForce GTX 1070' (P:0 D:0)
[2018.06.14-12.38.54:098][  0]LogWindows:    4. 'Intel(R) HD Graphics 630' (P:0 D:0)
[2018.06.14-12.38.54:098][  0]LogWindows:    5. 'Intel(R) HD Graphics 630' (P:0 D:0)
[2018.06.14-12.38.54:099][  0]LogWindows:    6. 'Intel(R) HD Graphics 630' (P:0 D:0)
[2018.06.14-12.38.54:099][  0]LogWindows: DebugString: GetVideoDriverDetailsInvalid PrimaryIsNotTheChoosenAdapter GetVideoDriverDetailsInvalid PrimaryIsNotTheChoosenAdapter GetVideoDriverDetailsInvalid PrimaryIsNotTheChoosenAdapter GetVideoDriverDetailsInvalid PrimaryIsNotTheChoosenAdapter GetVideoDriverDetailsInvalid PrimaryIsNotTheChoosenAdapter GetVideoDriverDetailsInvalid PrimaryIsNotTheChoosenAdapter GetVideoDriverDetailsInvalid PrimaryIsNotTheChoosenAdapter FoundDriverCount:0 
[2018.06.14-12.38.54:099][  0]LogD3D11RHI:     Adapter Name: NVIDIA GeForce GTX 1070
[2018.06.14-12.38.54:099][  0]LogD3D11RHI:   Driver Version: Unknown (internal:Unknown, unified:Unknown)
[2018.06.14-12.38.54:099][  0]LogD3D11RHI:      Driver Date: Unknown
[2018.06.14-12.38.54:099][  0]LogRHI: Texture pool is 5667 MB (70% of 8096 MB)
[2018.06.14-12.38.54:124][  0]LogD3D11RHI: [Aftermath] Aftermath enabled but failed to initialize
[2018.06.14-12.38.54:124][  0]LogD3D11RHI: [Aftermath] Aftermath enabled and primed
[2018.06.14-12.38.54:124][  0]LogD3D11RHI: Async texture creation enabled
[2018.06.14-12.38.54:135][  0]LogD3D11RHI: GPU Timing Frequency: 1000.000000 (Debug: 2 1)
[2018.06.14-12.38.54:178][  0]LogShaderCompilers: Guid format shader working directory is -2 characters bigger than the processId version (../../../../../Vinicius Oliveira/Git/Replay/Replay/Intermediate/Shaders/WorkingDirectory/14648/).
[2018.06.14-12.38.54:178][  0]LogShaderCompilers: Cleaned the shader compiler working directory 'C:/Users/INTERLAB/AppData/Local/Temp/UnrealShaderWorkingDir/45411E2F4EF60D0EE49CF081F4D079B3/'.
[2018.06.14-12.38.54:527][  0]LogTemp: Display: Loaded TP AllDesktopTargetPlatform
[2018.06.14-12.38.54:535][  0]LogTemp: Display: Loaded TP MacClientTargetPlatform
[2018.06.14-12.38.54:544][  0]LogTemp: Display: Loaded TP MacNoEditorTargetPlatform
[2018.06.14-12.38.54:553][  0]LogTemp: Display: Loaded TP MacServerTargetPlatform
[2018.06.14-12.38.54:562][  0]LogTemp: Display: Loaded TP MacTargetPlatform
[2018.06.14-12.38.54:571][  0]LogTemp: Display: Loaded TP WindowsClientTargetPlatform
[2018.06.14-12.38.54:580][  0]LogTemp: Display: Loaded TP WindowsNoEditorTargetPlatform
[2018.06.14-12.38.54:590][  0]LogTemp: Display: Loaded TP WindowsServerTargetPlatform
[2018.06.14-12.38.54:594][  0]LogTemp: Display: Loaded TP WindowsTargetPlatform
[2018.06.14-12.38.54:602][  0]LogTemp: Display: Loaded TP Android_ASTCTargetPlatform
[2018.06.14-12.38.54:610][  0]LogTemp: Display: Loaded TP Android_ATCTargetPlatform
[2018.06.14-12.38.54:618][  0]LogTemp: Display: Loaded TP Android_DXTTargetPlatform
[2018.06.14-12.38.54:626][  0]LogTemp: Display: Loaded TP Android_ETC1aTargetPlatform
[2018.06.14-12.38.54:634][  0]LogTemp: Display: Loaded TP Android_ETC1TargetPlatform
[2018.06.14-12.38.54:643][  0]LogTemp: Display: Loaded TP Android_ETC2TargetPlatform
[2018.06.14-12.38.54:659][  0]LogTemp: Display: Loaded TP Android_MultiTargetPlatform
[2018.06.14-12.38.54:659][  0]LogTemp: Display: Loaded TP Android_PVRTCTargetPlatform
[2018.06.14-12.38.54:668][  0]LogTemp: Display: Loaded TP AndroidTargetPlatform
[2018.06.14-12.38.54:668][  0]LogTemp: Display: Loaded TP HTML5TargetPlatform
[2018.06.14-12.38.54:700][  0]LogTemp: Display: Loaded TP IOSTargetPlatform
[2018.06.14-12.38.54:708][  0]LogTemp: Display: Loaded TP TVOSTargetPlatform
[2018.06.14-12.38.54:716][  0]LogTemp: Display: Loaded TP LinuxClientTargetPlatform
[2018.06.14-12.38.54:724][  0]LogTemp: Display: Loaded TP LinuxNoEditorTargetPlatform
[2018.06.14-12.38.54:733][  0]LogTemp: Display: Loaded TP LinuxServerTargetPlatform
[2018.06.14-12.38.54:741][  0]LogTemp: Display: Loaded TP LinuxTargetPlatform
[2018.06.14-12.38.54:742][  0]LogTargetPlatformManager: Display: Building Assets For Windows
[2018.06.14-12.38.54:797][  0]LogXGEController: Cannot use XGE Controller as Incredibuild is not installed on this machine.
[2018.06.14-12.38.54:797][  0]LogShaderCompilers: Cannot use XGE Shader Compiler as Incredibuild is not installed on this machine.
[2018.06.14-12.38.54:797][  0]LogShaderCompilers: Display: Using Local Shader Compiler.
[2018.06.14-12.38.55:240][  0]LogDerivedDataCache: Display: Max Cache Size: 512 MB
[2018.06.14-12.38.55:289][  0]LogDerivedDataCache: Loaded boot cache 0.05s 76MB C:/Users/INTERLAB/AppData/Local/UnrealEngine/4.19/DerivedDataCache/Boot.ddc.
[2018.06.14-12.38.55:289][  0]LogDerivedDataCache: Display: Loaded Boot cache: C:/Users/INTERLAB/AppData/Local/UnrealEngine/4.19/DerivedDataCache/Boot.ddc
[2018.06.14-12.38.55:289][  0]LogDerivedDataCache: FDerivedDataBackendGraph:  Pak pak cache file ../../../../../Vinicius Oliveira/Git/Replay/Replay/DerivedDataCache/DDC.ddp not found, will not use a pak cache.
[2018.06.14-12.38.55:289][  0]LogDerivedDataCache: Unable to find inner node Pak for hierarchical cache Hierarchy.
[2018.06.14-12.38.55:289][  0]LogDerivedDataCache: FDerivedDataBackendGraph:  CompressedPak pak cache file ../../../../../Vinicius Oliveira/Git/Replay/Replay/DerivedDataCache/Compressed.ddp not found, will not use a pak cache.
[2018.06.14-12.38.55:289][  0]LogDerivedDataCache: Unable to find inner node CompressedPak for hierarchical cache Hierarchy.
[2018.06.14-12.38.55:301][  0]LogDerivedDataCache: Display: Pak cache opened for reading ../../../Engine/DerivedDataCache/Compressed.ddp.
[2018.06.14-12.38.55:313][  0]LogDerivedDataCache: Using Local data cache path C:/Users/INTERLAB/AppData/Local/UnrealEngine/Common/DerivedDataCache: Writable
[2018.06.14-12.38.55:313][  0]LogDerivedDataCache: Shared data cache path not found in *engine.ini, will not use an Shared cache.
[2018.06.14-12.38.55:313][  0]LogDerivedDataCache: Unable to find inner node Shared for hierarchical cache Hierarchy.
[2018.06.14-12.38.55:321][  0]LogMaterial: Verifying Global Shaders for PCD3D_SM5
[2018.06.14-12.38.55:321][  0]LogSlate: Using Freetype 2.6.0
[2018.06.14-12.38.55:322][  0]LogSlate: SlateFontCache - WITH_FREETYPE: 1, WITH_HARFBUZZ: 1
[2018.06.14-12.38.55:322][  0]LogSlate: SlateFontCache - WITH_FREETYPE: 1, WITH_HARFBUZZ: 1
[2018.06.14-12.38.55:405][  0]LogAssetRegistry: FAssetRegistry took 0.0249 seconds to start up
[2018.06.14-12.38.55:609][  0]LogInit: Selected Device Profile: [Windows]
[2018.06.14-12.38.55:707][  0]LogSimplygon: Simplygon DLL not present - disabling.
[2018.06.14-12.38.55:708][  0]LogMeshReduction: Using SimplygonSwarm for distributed automatic mesh merging
[2018.06.14-12.38.55:708][  0]LogMeshReduction: Using QuadricMeshReduction for automatic static mesh reduction
[2018.06.14-12.38.55:708][  0]LogMeshReduction: No automatic skeletal mesh reduction module available
[2018.06.14-12.38.55:708][  0]LogMeshReduction: No automatic mesh merging module available
[2018.06.14-12.38.55:708][  0]LogMeshMerging: No automatic mesh merging module available
[2018.06.14-12.38.55:727][  0]LogNetVersion: Replay , NetCL: 3944462, EngineNetVer: 2, GameNetVer: 0 (Checksum: 558302509)
[2018.06.14-12.38.56:023][  0]LogPackageLocalizationCache: Processed 9 localized package path(s) for 1 prioritized culture(s) in 0.026240 seconds
[2018.06.14-12.38.56:027][  0]LogUObjectArray: 36728 objects as part of root set at end of initial load.
[2018.06.14-12.38.56:028][  0]LogUObjectAllocator: 7314304 out of 0 bytes used by permanent object pool.
[2018.06.14-12.38.56:028][  0]LogUObjectArray: CloseDisregardForGC: 0/0 objects in disregard for GC pool
[2018.06.14-12.38.57:168][  0]LogTcpMessaging: Initializing TcpMessaging bridge
[2018.06.14-12.38.57:188][  0]LogUdpMessaging: Initializing bridge on interface 0.0.0.0:0 to multicast group 230.0.0.1:6666.
[2018.06.14-12.38.57:392][  0]LogUObjectGlobals: Created PersistentFrame Addr=0x00000260e17a7470, Size=72, Default__FirstPerson_AnimBP_C Function /Game/FirstPerson/Animations/FirstPerson_AnimBP.FirstPerson_AnimBP_C:ExecuteUbergraph_FirstPerson_AnimBP
[2018.06.14-12.38.57:399][  0]LogUObjectGlobals: Destroyed PersistentFrame Addr=0x00000260e17a7470, Size=72
[2018.06.14-12.38.57:399][  0]LogUObjectGlobals: Created PersistentFrame Addr=0x00000260e14f9df0, Size=72, Default__FirstPerson_AnimBP_C Function /Engine/Transient.REINST_FirstPerson_AnimBP_C_0:ExecuteUbergraph_FirstPerson_AnimBP
[2018.06.14-12.38.57:406][  0]LogUObjectGlobals: Created PersistentFrame Addr=0x00000260e14a9ee0, Size=72, Default__FirstPerson_AnimBP_C Function /Game/FirstPerson/Animations/FirstPerson_AnimBP.FirstPerson_AnimBP_C:ExecuteUbergraph_FirstPerson_AnimBP
[2018.06.14-12.38.57:488][  0]LogSkeletalMesh: Skeletal Mesh found in DDC [0.657066ms] /Game/FirstPerson/Character/Mesh/SK_Mannequin_Arms.SK_Mannequin_Arms
[2018.06.14-12.38.57:503][  0]LogSkeletalMesh: Skeletal Mesh found in DDC [0.465919ms] /Game/FirstPerson/FPWeapon/Mesh/SK_FPGun.SK_FPGun
[2018.06.14-12.38.57:604][  0]SourceControl: Source control is disabled
[2018.06.14-12.38.57:604][  0]SourceControl: Source control is disabled
[2018.06.14-12.38.57:616][  0]SourceControl: Source control is disabled
[2018.06.14-12.38.57:628][  0]SourceControl: Source control is disabled
[2018.06.14-12.38.57:985][  0]LogAndroidPermission: UAndroidPermissionCallbackProxy::GetInstance
[2018.06.14-12.38.58:114][  0]LogOcInput: OculusInput pre-init called
[2018.06.14-12.38.58:182][  0]LogEngine: Initializing Engine...
[2018.06.14-12.38.58:183][  0]LogHMD: Oculus plugin initialized. Version: 4.19.2-4033788+++UE4+Release-4.19, OVRPlugin: 1.21.0
[2018.06.14-12.38.58:184][  0]LogStats: UGameplayTagsManager::ConstructGameplayTagTree: Construct from data asset -  0.000 s
[2018.06.14-12.38.58:184][  0]LogStats: UGameplayTagsManager::ConstructGameplayTagTree: GameplayTagTreeChangedEvent.Broadcast -  0.000 s
[2018.06.14-12.38.58:329][  0]LogAIModule: Creating AISystem for world Untitled
[2018.06.14-12.38.58:384][  0]LogInit: XAudio2 using 'Fones de ouvido (Rift Audio)' : 2 channels at 48 kHz using 16 bits per sample (channel mask 0x3)
[2018.06.14-12.38.58:392][  0]LogInit: FAudioDevice initialized.
[2018.06.14-12.38.58:473][  0]LogDerivedDataCache: Saved boot cache 0.08s 76MB C:/Users/INTERLAB/AppData/Local/UnrealEngine/4.19/DerivedDataCache/Boot.ddc.
[2018.06.14-12.38.58:482][  0]LogInit: Texture streaming: Enabled
[2018.06.14-12.38.58:491][  0]LogEngineSessionManager: EngineSessionManager initialized
[2018.06.14-12.38.58:498][  0]LogInit: Transaction tracking system initialized
[2018.06.14-12.38.58:509][  0]BlueprintLog: New page: Editor Load
[2018.06.14-12.38.58:584][  0]LocalizationService: Localization service is disabled
[2018.06.14-12.38.58:643][  0]LogConsoleResponse: Display: 
[2018.06.14-12.38.58:749][  0]LogCook: Display: Max memory allowance for cook 16384mb min free memory 0mb
[2018.06.14-12.38.58:749][  0]LogCook: Display: Mobile HDR setting 1
[2018.06.14-12.38.58:749][  0]LogGameplayTags: Display: UGameplayTagsManager::DoneAddingNativeTags. DelegateIsBound: 0
[2018.06.14-12.38.58:749][  0]LogStats: UGameplayTagsManager::ConstructGameplayTagTree: Construct from data asset -  0.000 s
[2018.06.14-12.38.58:749][  0]LogStats: UGameplayTagsManager::ConstructGameplayTagTree: GameplayTagTreeChangedEvent.Broadcast -  0.000 s
[2018.06.14-12.38.58:941][  0]LogFileCache: Scanning file cache for directory 'D:/Vinicius Oliveira/Git/Replay/Replay/Content/' took 0.01s
[2018.06.14-12.38.58:941][  0]SourceControl: Source control is disabled
[2018.06.14-12.38.58:941][  0]Cmd: MAP LOAD FILE="../../../../../Vinicius Oliveira/Git/Replay/Replay/Content/FirstPersonCPP/Maps/FirstPersonExampleMap.umap" TEMPLATE=0 SHOWPROGRESS=1 FEATURELEVEL=3
[2018.06.14-12.38.58:941][  0]LightingResults: New page: Lighting Build
[2018.06.14-12.38.58:943][  0]MapCheck: New page: Map Check
[2018.06.14-12.38.58:943][  0]LightingResults: New page: Lighting Build
[2018.06.14-12.38.58:950][  0]LogUObjectGlobals: Destroyed PersistentFrame Addr=0x00000260e14f9df0, Size=72
[2018.06.14-12.38.59:065][  0]LogAIModule: Creating AISystem for world FirstPersonExampleMap
[2018.06.14-12.38.59:085][  0]LogEditorServer: Finished looking for orphan Actors (0.000 secs)
[2018.06.14-12.38.59:094][  0]Cmd: MAP CHECKDEP NOCLEARLOG
[2018.06.14-12.38.59:124][  0]MapCheck: Map check complete: 0 Error(s), 0 Warning(s), took 29.876ms to complete.
[2018.06.14-12.38.59:124][  0]LogFileHelpers: Loading map 'FirstPersonExampleMap' took 0.184
[2018.06.14-12.38.59:238][  0]LogCollectionManager: Loaded 0 collections in 0.000672 seconds
[2018.06.14-12.38.59:277][  0]LogFileCache: Scanning file cache for directory 'D:/Vinicius Oliveira/Git/Replay/Replay/Saved/Collections/' took 0.01s
[2018.06.14-12.38.59:277][  0]LogFileCache: Scanning file cache for directory 'D:/Vinicius Oliveira/Git/Replay/Replay/Content/Developers/INTERLAB/Collections/' took 0.01s
[2018.06.14-12.38.59:277][  0]LogFileCache: Scanning file cache for directory 'D:/Vinicius Oliveira/Git/Replay/Replay/Content/Collections/' took 0.01s
[2018.06.14-12.38.59:277][  0]LogCollectionManager: Rebuilt the GUID cache for 0 collections in 0.000000 seconds
[2018.06.14-12.38.59:284][  0]LogContentBrowser: Native class hierarchy populated in 0.0067 seconds. Added 2456 classes and 560 folders.
[2018.06.14-12.38.59:287][  0]LogContentBrowser: Native class hierarchy updated for 'WidgetCarousel' in 0.0004 seconds. Added 0 classes and 0 folders.
[2018.06.14-12.38.59:313][  0]LogContentBrowser: Native class hierarchy updated for 'AddContentDialog' in 0.0004 seconds. Added 0 classes and 0 folders.
[2018.06.14-12.38.59:317][  0]LogContentBrowser: Native class hierarchy updated for 'SceneOutliner' in 0.0004 seconds. Added 1 classes and 2 folders.
[2018.06.14-12.38.59:356][  0]LogContentBrowser: Native class hierarchy updated for 'HierarchicalLODOutliner' in 0.0004 seconds. Added 0 classes and 0 folders.
[2018.06.14-12.38.59:356][  0]LogLoad: (Engine Initialization) Total time: 7.51 seconds
[2018.06.14-12.38.59:356][  0]LogLoad: (Engine Initialization) Total Blueprint compile time: 0.00 seconds
[2018.06.14-12.38.59:365][  0]LogWindowsTextInputMethodSystem: Display: IME system now deactivated.
[2018.06.14-12.38.59:366][  0]LogOcInput: OculusInput is initialized
[2018.06.14-12.38.59:379][  0]LogAssetRegistry: Asset discovery search completed in 3.9960 seconds
[2018.06.14-12.38.59:381][  0]LogCollectionManager: Rebuilt the object cache for 0 collections in 0.000000 seconds (found 0 objects)
[2018.06.14-12.38.59:381][  0]LogCollectionManager: Fixed up redirectors for 0 collections in 0.000047 seconds (updated 0 objects)
[2018.06.14-12.38.59:383][  0]LogContentStreaming: Texture pool size now 1000 MB
[2018.06.14-12.38.59:388][  0]LogSlate: Took 0.000159 seconds to synchronously load lazily loaded font '../../../Engine/Content/Slate/Fonts/Roboto-Regular.ttf' (155K)
[2018.06.14-12.38.59:390][  0]LogSlate: Took 0.000091 seconds to synchronously load lazily loaded font '../../../Engine/Content/Slate/Fonts/Roboto-Bold.ttf' (160K)
[2018.06.14-12.38.59:393][  0]LogSlate: Took 0.000119 seconds to synchronously load lazily loaded font '../../../Engine/Content/Editor/Slate/Fonts/FontAwesome.ttf' (139K)
[2018.06.14-12.38.59:460][  0]LogSlate: Took 0.000160 seconds to synchronously load lazily loaded font '../../../Engine/Content/Slate/Fonts/Roboto-Light.ttf' (167K)
[2018.06.14-12.38.59:503][  2]LogRenderer: Reallocating scene render targets to support 668x360 Format 10 NumSamples 1 (Frame:1).
[2018.06.14-12.39.37:153][171]LogSlate: FSceneViewport::OnFocusLost() reason 0
[2018.06.14-12.40.08:458][646]LogSlate: Took 0.000133 seconds to synchronously load lazily loaded font '../../../Engine/Content/Slate/Fonts/Roboto-Light.ttf' (167K)
[2018.06.14-12.40.08:577][646]LogSavePackage: Save=97.85ms
[2018.06.14-12.40.08:578][646]LogSavePackage: Moving '../../../../../Vinicius Oliveira/Git/Replay/Replay/Saved/FirstPersonExampleMap9934DF5F48EB3E86A0A22482FD250556.tmp' to '../../../../../Vinicius Oliveira/Git/Replay/Replay/Content/FirstPersonCPP/Maps/FirstPersonExampleMap.umap'
[2018.06.14-12.40.08:580][646]LogSavePackage: Display: Finished SavePackage ../../../../../Vinicius Oliveira/Git/Replay/Replay/Content/FirstPersonCPP/Maps/FirstPersonExampleMap.umap
[2018.06.14-12.40.09:527][646]LogSavePackage: Save=929.20ms
[2018.06.14-12.40.09:527][646]LogSavePackage: Moving '../../../../../Vinicius Oliveira/Git/Replay/Replay/Saved/FirstPersonExampleMap_BuiltData6C5D931140A7E5B023A13A93BF1B1322.tmp' to '../../../../../Vinicius Oliveira/Git/Replay/Replay/Content/FirstPersonCPP/Maps/FirstPersonExampleMap_BuiltData.uasset'
[2018.06.14-12.40.09:528][646]LogSavePackage: Display: Finished SavePackage ../../../../../Vinicius Oliveira/Git/Replay/Replay/Content/FirstPersonCPP/Maps/FirstPersonExampleMap_BuiltData.uasset
[2018.06.14-12.41.15:849][767]LogSlate: Prevented a slow task dialog from being summoned while a context menu was open
[2018.06.14-12.41.16:022][767]LogContentBrowser: Native class hierarchy updated for 'BlueprintGraph' in 0.0007 seconds. Added 116 classes and 0 folders.
[2018.06.14-12.41.16:223][767]LogUObjectGlobals: Created PersistentFrame Addr=0x000002610f608888, Size=4, Default__SKEL_PROTO_BP_AnimBlueprint_0_C Function /Engine/Transient.SKEL_PROTO_BP_AnimBlueprint_0_C:ExecuteUbergraph_PROTO_BP_AnimBlueprint_0
[2018.06.14-12.41.16:224][767]LogUObjectGlobals: Created PersistentFrame Addr=0x000002610f608880, Size=4, Default__PROTO_BP_AnimBlueprint_0_C Function /Engine/Transient.PROTO_BP_AnimBlueprint_0_C:ExecuteUbergraph_PROTO_BP_AnimBlueprint_0
[2018.06.14-12.41.16:507][767]LogSlate: Took 0.000126 seconds to synchronously load lazily loaded font '../../../Engine/Content/Slate/Fonts/Roboto-BoldCondensed.ttf' (158K)
[2018.06.14-12.41.34:589][506]LogSavePackage: Save=9.84ms
[2018.06.14-12.41.34:589][506]LogSavePackage: Moving '../../../../../Vinicius Oliveira/Git/Replay/Replay/Saved/FirstPersonProjectile736786AD43E875CC80805282340BC8EB.tmp' to '../../../../../Vinicius Oliveira/Git/Replay/Replay/Content/FirstPersonCPP/Blueprints/FirstPersonProjectile.uasset'
[2018.06.14-12.41.34:591][506]LogSavePackage: Display: Finished SavePackage ../../../../../Vinicius Oliveira/Git/Replay/Replay/Content/FirstPersonCPP/Blueprints/FirstPersonProjectile.uasset
[2018.06.14-12.41.35:274][587]BlueprintLog: New page: Compile FirstPersonProjectile
[2018.06.14-12.41.36:258][674]LogSavePackage: Save=11.26ms
[2018.06.14-12.41.36:258][674]LogSavePackage: Moving '../../../../../Vinicius Oliveira/Git/Replay/Replay/Saved/FirstPersonProjectileEBBCD3004811973A16F55CA3345930B1.tmp' to '../../../../../Vinicius Oliveira/Git/Replay/Replay/Content/FirstPersonCPP/Blueprints/FirstPersonProjectile.uasset'
[2018.06.14-12.41.36:260][674]LogSavePackage: Display: Finished SavePackage ../../../../../Vinicius Oliveira/Git/Replay/Replay/Content/FirstPersonCPP/Blueprints/FirstPersonProjectile.uasset
[2018.06.14-12.41.36:788][732]BlueprintLog: New page: Compile FirstPersonProjectile
[2018.06.14-12.42.04:346][817]LogSavePackage: Save=9.49ms
[2018.06.14-12.42.04:346][817]LogSavePackage: Moving '../../../../../Vinicius Oliveira/Git/Replay/Replay/Saved/FirstPersonProjectile61C9F56245611048A2A6E2B15C221D76.tmp' to '../../../../../Vinicius Oliveira/Git/Replay/Replay/Content/FirstPersonCPP/Blueprints/FirstPersonProjectile.uasset'
[2018.06.14-12.42.04:347][817]LogSavePackage: Display: Finished SavePackage ../../../../../Vinicius Oliveira/Git/Replay/Replay/Content/FirstPersonCPP/Blueprints/FirstPersonProjectile.uasset
[2018.06.14-12.42.22:417][980]LogSlate: Prevented a slow task dialog from being summoned while a context menu was open
[2018.06.14-12.45.11:562][372]LogLinker: Can't find file '/Script/Replay_Test_2'
[2018.06.14-12.45.11:563][372]LogLinker: Can't find file '/Script/Replay_Test_2'
[2018.06.14-12.45.11:575][372]LogUObjectGlobals: Created PersistentFrame Addr=0x00000260811f25c0, Size=4, Default__SKEL_FirstPersonCharacter_C Function /Game/FirstPersonCPP/Blueprints/FirstPersonCharacter.SKEL_FirstPersonCharacter_C:ExecuteUbergraph_FirstPersonCharacter
[2018.06.14-12.45.11:649][373]LogSlate: Took 0.000151 seconds to synchronously load lazily loaded font '../../../Engine/Content/Slate/Fonts/Roboto-Italic.ttf' (157K)
[2018.06.14-12.45.31:960][686]BlueprintLog: New page: Compile FirstPersonCharacter
[2018.06.14-12.45.31:966][686]LogUObjectGlobals: Destroyed PersistentFrame Addr=0x00000260811f25c0, Size=4
[2018.06.14-12.45.31:966][686]LogUObjectGlobals: Created PersistentFrame Addr=0x000002611ea470b0, Size=4, Default__SKEL_FirstPersonCharacter_C Function /Engine/Transient.REINST_SKEL_FirstPersonCharacter_C_34:ExecuteUbergraph_FirstPersonCharacter
[2018.06.14-12.45.31:972][686]LogBlueprint: Error: [Compiler FirstPersonCharacter] In use pin  <Unnamed>  no longer exists on node  Server Fire . Please refresh node or break links to remove pin.
[2018.06.14-12.45.31:973][686]LogUObjectGlobals: Created PersistentFrame Addr=0x000002611fc92f80, Size=384, Default__FirstPersonCharacter_C Function /Game/FirstPersonCPP/Blueprints/FirstPersonCharacter.FirstPersonCharacter_C:ExecuteUbergraph_FirstPersonCharacter
[2018.06.14-12.45.32:219][686]LogUObjectGlobals: Destroyed PersistentFrame Addr=0x000002611ea470b0, Size=4
[2018.06.14-12.45.32:229][686]LogBlueprint: Warning: [Compiler FirstPersonCharacter] [0400.38] Compile of FirstPersonCharacter failed. 1 Fatal Issue(s) 0 Warning(s) [in 268 ms] (/Game/FirstPersonCPP/Blueprints/FirstPersonCharacter.FirstPersonCharacter)
[2018.06.14-12.46.06:888][658]BlueprintLog: New page: Compile FirstPersonCharacter
[2018.06.14-12.46.06:898][658]LogUObjectGlobals: Destroyed PersistentFrame Addr=0x000002611fc92f80, Size=384
[2018.06.14-12.46.06:898][658]LogUObjectGlobals: Created PersistentFrame Addr=0x00000261023f4280, Size=384, FirstPersonCharacter_C_4 Function /Engine/Transient.REINST_FirstPersonCharacter_C_40:ExecuteUbergraph_FirstPersonCharacter
[2018.06.14-12.46.06:899][658]LogBlueprint: Error: [Compiler FirstPersonCharacter] In use pin  <Unnamed>  no longer exists on node  Server Fire . Please refresh node or break links to remove pin.
[2018.06.14-12.46.06:900][658]LogUObjectGlobals: Created PersistentFrame Addr=0x000002611fe00a00, Size=384, Default__FirstPersonCharacter_C Function /Game/FirstPersonCPP/Blueprints/FirstPersonCharacter.FirstPersonCharacter_C:ExecuteUbergraph_FirstPersonCharacter
[2018.06.14-12.46.07:136][658]LogBlueprint: Warning: [Compiler FirstPersonCharacter] [0435.29] Compile of FirstPersonCharacter failed. 1 Fatal Issue(s) 0 Warning(s) [in 248 ms] (/Game/FirstPersonCPP/Blueprints/FirstPersonCharacter.FirstPersonCharacter)
[2018.06.14-12.46.37:660][234]BlueprintLog: New page: Compile FirstPersonCharacter
[2018.06.14-12.46.37:670][234]LogUObjectGlobals: Destroyed PersistentFrame Addr=0x000002611fe00a00, Size=384
[2018.06.14-12.46.37:670][234]LogUObjectGlobals: Created PersistentFrame Addr=0x00000261150ee200, Size=384, FirstPersonCharacter_C_6 Function /Engine/Transient.REINST_FirstPersonCharacter_C_44:ExecuteUbergraph_FirstPersonCharacter
[2018.06.14-12.46.37:673][234]LogUObjectGlobals: Created PersistentFrame Addr=0x000002611f91b280, Size=384, Default__FirstPersonCharacter_C Function /Game/FirstPersonCPP/Blueprints/FirstPersonCharacter.FirstPersonCharacter_C:ExecuteUbergraph_FirstPersonCharacter
[2018.06.14-12.46.37:903][234]LogUObjectGlobals: Destroyed PersistentFrame Addr=0x00000261023f4280, Size=384
[2018.06.14-12.46.41:939][677]LogSavePackage: Save=24.59ms
[2018.06.14-12.46.41:939][677]LogSavePackage: Moving '../../../../../Vinicius Oliveira/Git/Replay/Replay/Saved/FirstPersonCharacter6A91816B4AC88CFA2D3D839404900E4A.tmp' to '../../../../../Vinicius Oliveira/Git/Replay/Replay/Content/FirstPersonCPP/Blueprints/FirstPersonCharacter.uasset'
[2018.06.14-12.46.41:941][677]LogSavePackage: Display: Finished SavePackage ../../../../../Vinicius Oliveira/Git/Replay/Replay/Content/FirstPersonCPP/Blueprints/FirstPersonCharacter.uasset
[2018.06.14-12.48.10:037][460]LogRenderer: Reallocating scene render targets to support 668x564 Format 10 NumSamples 1 (Frame:39187).
[2018.06.14-12.50.45:443][394]LogSavePackage: Save=88.79ms
[2018.06.14-12.50.45:443][394]LogSavePackage: Moving '../../../../../Vinicius Oliveira/Git/Replay/Replay/Saved/FirstPersonExampleMap_Auto1F654DD99473B4593C56EB3B5FE4B41B7.tmp' to '../../../../../Vinicius Oliveira/Git/Replay/Replay/Saved/Autosaves/Game/FirstPersonCPP/Maps/FirstPersonExampleMap_Auto1.umap'
[2018.06.14-12.50.45:444][394]LogSavePackage: Display: Finished SavePackage ../../../../../Vinicius Oliveira/Git/Replay/Replay/Saved/Autosaves/Game/FirstPersonCPP/Maps/FirstPersonExampleMap_Auto1.umap
[2018.06.14-12.50.45:445][394]LogFileHelpers: Editor autosave (incl. sublevels) for '/Game/FirstPersonCPP/Maps/FirstPersonExampleMap' took 0.169
[2018.06.14-12.50.45:445][394]LogFileHelpers: Editor autosave (incl. sublevels) for all levels took 0.169
[2018.06.14-12.51.33:298][550]Running D:/Epic Games/UE_4.19/Engine/Binaries/DotNET/UnrealBuildTool.exe  -projectfiles -project="D:/Vinicius Oliveira/Git/Replay/Replay/Replay.uproject" -game -rocket -progress
[2018.06.14-12.51.33:601][550]Discovering modules, targets and source code for project...
[2018.06.14-12.51.36:322][550]LogVSAccessor: Warning: Couldn't access Visual Studio
[2018.06.14-12.51.36:324][550]Candidate modules for hot reload:
[2018.06.14-12.51.36:324][550]  Replay
[2018.06.14-12.51.36:324][550]Launching UnrealBuildTool... [D:/Epic Games/UE_4.19/Engine/Binaries/DotNET/UnrealBuildTool.exe Replay -ModuleWithSuffix=Replay,3767 Win64 Development -editorrecompile -canskiplink "D:/Vinicius Oliveira/Git/Replay/Replay/Replay.uproject" ]
[2018.06.14-12.51.46:537][550]CompilerResultsLog: New page: Compilation - Jun 14, 2018, 6:51:46 AM
[2018.06.14-12.51.46:537][550]CompilerResultsLog: Performing full C++ include scan (hot reloading a new target)
[2018.06.14-12.51.46:537][550]CompilerResultsLog: Creating makefile for hot reloading Replay (no existing makefile)
[2018.06.14-12.51.46:537][550]CompilerResultsLog: Compiling game modules for hot reload
[2018.06.14-12.51.46:537][550]CompilerResultsLog: Parsing headers for ReplayEditor
[2018.06.14-12.51.46:537][550]CompilerResultsLog:   Running UnrealHeaderTool "D:\Vinicius Oliveira\Git\Replay\Replay\Replay.uproject" "D:\Vinicius Oliveira\Git\Replay\Replay\Intermediate\Build\Win64\ReplayEditor\Development\ReplayEditor.uhtmanifest" -LogCmds="loginit warning, logexit warning, logdatabase error" -Unattended -WarningsAsErrors -installed
[2018.06.14-12.51.46:537][550]CompilerResultsLog: Reflection code generated for ReplayEditor in 5,9709164 seconds
[2018.06.14-12.51.46:537][550]CompilerResultsLog: Performing 5 actions (4 in parallel)
[2018.06.14-12.51.46:537][550]CompilerResultsLog: MyGameInstance.gen.cpp
[2018.06.14-12.51.46:537][550]CompilerResultsLog: Replay.init.gen.cpp
[2018.06.14-12.51.46:537][550]CompilerResultsLog: MyGameInstance.cpp
[2018.06.14-12.51.46:537][550]CompilerResultsLog: [4/5] Link UE4Editor-Replay-3767.dll
[2018.06.14-12.51.46:537][550]CompilerResultsLog: [5/5] Link UE4Editor-Replay-3767.lib
[2018.06.14-12.51.46:537][550]CompilerResultsLog:    Criando biblioteca D:\Vinicius Oliveira\Git\Replay\Replay\Intermediate\Build\Win64\UE4Editor\Development\UE4Editor-Replay-3767.suppressed.lib e objeto D:\Vinicius Oliveira\Git\Replay\Replay\Intermediate\Build\Win64\UE4Editor\Development\UE4Editor-Replay-3767.suppressed.exp
[2018.06.14-12.51.46:537][550]CompilerResultsLog:    Criando biblioteca D:\Vinicius Oliveira\Git\Replay\Replay\Intermediate\Build\Win64\UE4Editor\Development\UE4Editor-Replay-3767.lib e objeto D:\Vinicius Oliveira\Git\Replay\Replay\Intermediate\Build\Win64\UE4Editor\Development\UE4Editor-Replay-3767.exp
[2018.06.14-12.51.46:537][550]CompilerResultsLog: Total build time: 9,97 seconds (Local executor: 1,12 seconds)
[2018.06.14-12.51.46:537][550]LogMainFrame: MainFrame: Module compiling took 10.215 seconds
[2018.06.14-12.51.46:560][550]LogClass: Could not find existing class MyGameInstance in package /Script/Replay for HotReload, assuming new class
[2018.06.14-12.51.46:568][550]LogContentBrowser: Native class hierarchy updated for 'Replay' in 0.0005 seconds. Added 5 classes and 2 folders.
[2018.06.14-12.51.46:570][550]Display: HotReload successful (1 functions remapped  0 scriptstructs remapped)
[2018.06.14-12.51.46:855][550]LogContentBrowser: Native class hierarchy populated in 0.0070 seconds. Added 2458 classes and 562 folders.
[2018.06.14-12.51.46:855][550]Display: HotReload took 10.5s.
[2018.06.14-12.51.46:856][550]Warning: HotReload operation took 10.5s.
[2018.06.14-12.51.46:928][550]LogSlate: Window 'Add C++ Class' being destroyed
[2018.06.14-12.51.46:934][550]LogHotReload: New module detected: UE4Editor-Replay-3767.dll
[2018.06.14-12.51.46:955][551]LogHotReload: Starting Hot-Reload from IDE
[2018.06.14-12.51.47:010][551]LogContentBrowser: Native class hierarchy updated for 'Replay' in 0.0006 seconds. Added 5 classes and 2 folders.
[2018.06.14-12.51.47:013][551]Display: HotReload successful (0 functions remapped  0 scriptstructs remapped)
[2018.06.14-12.51.47:240][551]LogContentBrowser: Native class hierarchy populated in 0.0079 seconds. Added 2458 classes and 562 folders.
[2018.06.14-12.51.47:242][551]Display: HotReload took  0.3s.
[2018.06.14-12.52.13:199][687]LogSavePackage: Save=88.95ms
[2018.06.14-12.52.13:199][687]LogSavePackage: Moving '../../../../../Vinicius Oliveira/Git/Replay/Replay/Saved/FirstPersonExampleMap482FD96943B32AA382597DACA4B741AF.tmp' to '../../../../../Vinicius Oliveira/Git/Replay/Replay/Content/FirstPersonCPP/Maps/FirstPersonExampleMap.umap'
[2018.06.14-12.52.13:202][687]LogSavePackage: Display: Finished SavePackage ../../../../../Vinicius Oliveira/Git/Replay/Replay/Content/FirstPersonCPP/Maps/FirstPersonExampleMap.umap
[2018.06.14-12.52.13:862][687]LogSavePackage: Save=642.12ms
[2018.06.14-12.52.13:862][687]LogSavePackage: Moving '../../../../../Vinicius Oliveira/Git/Replay/Replay/Saved/FirstPersonExampleMap_BuiltData241DA382499A28C707EE5DA0D04CA276.tmp' to '../../../../../Vinicius Oliveira/Git/Replay/Replay/Content/FirstPersonCPP/Maps/FirstPersonExampleMap_BuiltData.uasset'
[2018.06.14-12.52.13:865][687]LogSavePackage: Display: Finished SavePackage ../../../../../Vinicius Oliveira/Git/Replay/Replay/Content/FirstPersonCPP/Maps/FirstPersonExampleMap_BuiltData.uasset
[2018.06.14-12.52.16:368][976]LogSlate: Window 'FirstPersonCharacter' being destroyed
[2018.06.14-12.52.16:391][976]LogActorComponent: UnregisterComponent: (/Engine/Transient.EditorFloorComp) Not registered. Aborting.
[2018.06.14-12.52.16:434][976]LogSlate: Window 'Replay - Unreal Editor' being destroyed
[2018.06.14-12.52.16:434][976]LogWindowsTextInputMethodSystem: Display: IME system now deactivated.
[2018.06.14-12.52.16:586][977]Cmd: QUIT_EDITOR
[2018.06.14-12.52.16:624][977]LogSlate: Slate User Destroyed.  User Index 0, Is Virtual User: 0
[2018.06.14-12.52.16:624][977]LogExit: Preparing to exit.
[2018.06.14-12.52.17:618][977]LogDirectoryWatcher: A directory notification for 'D:/Vinicius Oliveira/Git/Replay/Replay/Content/' was aborted.
[2018.06.14-12.52.17:641][977]LogUObjectGlobals: Destroyed PersistentFrame Addr=0x00000260e14a9ee0, Size=72
[2018.06.14-12.52.17:642][977]LogExit: Editor shut down
[2018.06.14-12.52.17:645][977]LogExit: Transaction tracking system shut down
[2018.06.14-12.52.17:646][977]LogUObjectGlobals: Destroyed PersistentFrame Addr=0x000002611f91b280, Size=384
[2018.06.14-12.52.17:646][977]LogUObjectGlobals: Destroyed PersistentFrame Addr=0x00000261150ee200, Size=384
[2018.06.14-12.52.17:648][977]LogUObjectGlobals: Destroyed PersistentFrame Addr=0x000002610f608888, Size=4
[2018.06.14-12.52.17:648][977]LogUObjectGlobals: Destroyed PersistentFrame Addr=0x000002610f608880, Size=4
[2018.06.14-12.52.17:766][977]LogDirectoryWatcher: A directory notification for '../../../Engine/Content/' was aborted.
[2018.06.14-12.52.17:766][977]LogDirectoryWatcher: A directory notification for '../../../../../Vinicius Oliveira/Git/Replay/Replay/Content/' was aborted.
[2018.06.14-12.52.17:766][977]LogDirectoryWatcher: A directory notification for '../../Plugins/2D/Paper2D/Content/' was aborted.
[2018.06.14-12.52.17:766][977]LogDirectoryWatcher: A directory notification for '../../Plugins/Enterprise/DatasmithContent/Content/' was aborted.
[2018.06.14-12.52.17:766][977]LogDirectoryWatcher: A directory notification for '../../Plugins/Media/MediaCompositing/Content/' was aborted.
[2018.06.14-12.52.17:766][977]LogDirectoryWatcher: A directory notification for '../../Plugins/Runtime/AppleARKit/Content/' was aborted.
[2018.06.14-12.52.17:766][977]LogDirectoryWatcher: A directory notification for '../../Plugins/Runtime/Oculus/OculusVR/Content/' was aborted.
[2018.06.14-12.52.17:766][977]LogDirectoryWatcher: A directory notification for '../../Plugins/Runtime/Steam/SteamVR/Content/' was aborted.
[2018.06.14-12.52.17:844][977]LogExit: Object subsystem successfully closed.
[2018.06.14-12.52.17:855][977]LogShaderCompilers: Display: Shaders left to compile 0
[2018.06.14-12.52.17:857][977]LogD3D11RHI: Shutdown
[2018.06.14-12.52.17:857][977]LogD3D11RHI: CleanupD3DDevice
[2018.06.14-12.52.17:859][977]LogD3D11RHI: ~FD3D11DynamicRHI
[2018.06.14-12.52.17:865][977]LogModuleManager: Shutting down and abandoning module Replay (580)
[2018.06.14-12.52.17:865][977]LogModuleManager: Shutting down and abandoning module BlueprintGraph (578)
[2018.06.14-12.52.17:865][977]LogModuleManager: Shutting down and abandoning module HierarchicalLODOutliner (576)
[2018.06.14-12.52.17:865][977]LogModuleManager: Shutting down and abandoning module DesktopPlatform (574)
[2018.06.14-12.52.17:865][977]LogModuleManager: Shutting down and abandoning module SceneOutliner (572)
[2018.06.14-12.52.17:865][977]LogModuleManager: Shutting down and abandoning module AddContentDialog (570)
[2018.06.14-12.52.17:865][977]LogDirectoryWatcher: A directory notification for 'D:/Epic Games/UE_4.19/FeaturePacks/' was aborted.
[2018.06.14-12.52.17:866][977]LogModuleManager: Shutting down and abandoning module WidgetCarousel (569)
[2018.06.14-12.52.17:866][977]LogModuleManager: Shutting down and abandoning module EditorWidgets (566)
[2018.06.14-12.52.17:866][977]LogModuleManager: Shutting down and abandoning module CollectionManager (564)
[2018.06.14-12.52.17:866][977]LogDirectoryWatcher: A directory notification for 'D:/Vinicius Oliveira/Git/Replay/Replay/Content/Collections/' was aborted.
[2018.06.14-12.52.17:866][977]LogDirectoryWatcher: A directory notification for 'D:/Vinicius Oliveira/Git/Replay/Replay/Content/Developers/INTERLAB/Collections/' was aborted.
[2018.06.14-12.52.17:866][977]LogDirectoryWatcher: A directory notification for 'D:/Vinicius Oliveira/Git/Replay/Replay/Saved/Collections/' was aborted.
[2018.06.14-12.52.17:866][977]LogModuleManager: Shutting down and abandoning module StatsViewer (562)
[2018.06.14-12.52.17:866][977]LogModuleManager: Shutting down and abandoning module FoliageEdit (560)
[2018.06.14-12.52.17:866][977]LogModuleManager: Shutting down and abandoning module LandscapeEditor (558)
[2018.06.14-12.52.17:866][977]LogModuleManager: Shutting down and abandoning module MeshPaintMode (556)
[2018.06.14-12.52.17:866][977]LogModuleManager: Shutting down and abandoning module SceneDepthPickerMode (554)
[2018.06.14-12.52.17:866][977]LogModuleManager: Shutting down and abandoning module ActorPickerMode (552)
[2018.06.14-12.52.17:866][977]LogModuleManager: Shutting down and abandoning module GeometryMode (550)
[2018.06.14-12.52.17:866][977]LogModuleManager: Shutting down and abandoning module TextureAlignMode (548)
[2018.06.14-12.52.17:866][977]LogModuleManager: Shutting down and abandoning module BspMode (546)
[2018.06.14-12.52.17:866][977]LogModuleManager: Shutting down and abandoning module PIEPreviewDeviceProfileSelector (544)
[2018.06.14-12.52.17:867][977]LogModuleManager: Shutting down and abandoning module HardwareSurvey (542)
[2018.06.14-12.52.17:867][977]LogModuleManager: Shutting down and abandoning module SequenceRecorderSections (540)
[2018.06.14-12.52.17:867][977]LogModuleManager: Shutting down and abandoning module AutomationWorker (538)
[2018.06.14-12.52.17:867][977]LogModuleManager: Shutting down and abandoning module AudioCaptureEditor (536)
[2018.06.14-12.52.17:867][977]LogModuleManager: Shutting down and abandoning module SequenceRecorder (535)
[2018.06.14-12.52.17:867][977]LogModuleManager: Shutting down and abandoning module MatineeToLevelSequence (532)
[2018.06.14-12.52.17:867][977]LogModuleManager: Shutting down and abandoning module LevelSequenceEditor (530)
[2018.06.14-12.52.17:867][977]LogModuleManager: Shutting down and abandoning module PlacementMode (529)
[2018.06.14-12.52.17:867][977]LogModuleManager: Shutting down and abandoning module MaterialEditor (528)
[2018.06.14-12.52.17:867][977]LogModuleManager: Shutting down and abandoning module WmfMediaFactory (524)
[2018.06.14-12.52.17:867][977]LogModuleManager: Shutting down and abandoning module WmfMediaEditor (522)
[2018.06.14-12.52.17:867][977]LogModuleManager: Shutting down and abandoning module MediaPlayerEditor (520)
[2018.06.14-12.52.17:867][977]LogModuleManager: Shutting down and abandoning module OpenExrWrapper (518)
[2018.06.14-12.52.17:867][977]LogModuleManager: Shutting down and abandoning module ImgMediaFactory (516)
[2018.06.14-12.52.17:867][977]LogModuleManager: Shutting down and abandoning module ImgMediaEditor (514)
[2018.06.14-12.52.17:867][977]LogModuleManager: Shutting down and abandoning module AvfMediaFactory (512)
[2018.06.14-12.52.17:867][977]LogModuleManager: Shutting down and abandoning module AvfMediaEditor (510)
[2018.06.14-12.52.17:867][977]LogModuleManager: Shutting down and abandoning module AndroidMediaFactory (508)
[2018.06.14-12.52.17:867][977]LogModuleManager: Shutting down and abandoning module AndroidMediaEditor (506)
[2018.06.14-12.52.17:867][977]LogModuleManager: Shutting down and abandoning module CharacterAI (504)
[2018.06.14-12.52.17:867][977]LogModuleManager: Shutting down and abandoning module SmartSnapping (502)
[2018.06.14-12.52.17:867][977]LogModuleManager: Shutting down and abandoning module SessionServices (500)
[2018.06.14-12.52.17:867][977]LogModuleManager: Shutting down and abandoning module ViewportSnapping (498)
[2018.06.14-12.52.17:867][977]LogModuleManager: Shutting down and abandoning module ViewportInteraction (496)
[2018.06.14-12.52.17:867][977]LogModuleManager: Shutting down and abandoning module ClothPainter (494)
[2018.06.14-12.52.17:867][977]LogModuleManager: Shutting down and abandoning module SkeletalMeshEditor (493)
[2018.06.14-12.52.17:867][977]LogModuleManager: Shutting down and abandoning module LogVisualizer (490)
[2018.06.14-12.52.17:867][977]LogModuleManager: Shutting down and abandoning module IntroTutorials (488)
[2018.06.14-12.52.17:867][977]LogModuleManager: Shutting down and abandoning module GameProjectGeneration (487)
[2018.06.14-12.52.17:867][977]LogModuleManager: Shutting down and abandoning module IOSPlatformEditor (484)
[2018.06.14-12.52.17:867][977]LogModuleManager: Shutting down and abandoning module HTML5PlatformEditor (482)
[2018.06.14-12.52.17:867][977]LogModuleManager: Shutting down and abandoning module AndroidPlatformEditor (480)
[2018.06.14-12.52.17:867][977]LogModuleManager: Shutting down and abandoning module AndroidDeviceDetection (479)
[2018.06.14-12.52.18:040][977]LogModuleManager: Shutting down and abandoning module WindowsPlatformEditor (476)
[2018.06.14-12.52.18:040][977]LogModuleManager: Shutting down and abandoning module IOSRuntimeSettings (474)
[2018.06.14-12.52.18:040][977]LogModuleManager: Shutting down and abandoning module AndroidRuntimeSettings (472)
[2018.06.14-12.52.18:040][977]LogModuleManager: Shutting down and abandoning module InputBindingEditor (470)
[2018.06.14-12.52.18:040][977]LogModuleManager: Shutting down and abandoning module MergeActors (468)
[2018.06.14-12.52.18:040][977]LogModuleManager: Shutting down and abandoning module LocalizationDashboard (466)
[2018.06.14-12.52.18:040][977]LogModuleManager: Shutting down and abandoning module LocalizationService (465)
[2018.06.14-12.52.18:040][977]LogModuleManager: Shutting down and abandoning module HardwareTargeting (462)
[2018.06.14-12.52.18:040][977]LogModuleManager: Shutting down and abandoning module DeviceProfileEditor (460)
[2018.06.14-12.52.18:040][977]LogModuleManager: Shutting down and abandoning module UndoHistory (458)
[2018.06.14-12.52.18:040][977]LogModuleManager: Shutting down and abandoning module XmlParser (456)
[2018.06.14-12.52.18:040][977]LogModuleManager: Shutting down and abandoning module Blutility (454)
[2018.06.14-12.52.18:040][977]LogModuleManager: Shutting down and abandoning module ProjectSettingsViewer (452)
[2018.06.14-12.52.18:040][977]LogModuleManager: Shutting down and abandoning module ProjectTargetPlatformEditor (451)
[2018.06.14-12.52.18:040][977]LogModuleManager: Shutting down and abandoning module EditorSettingsViewer (448)
[2018.06.14-12.52.18:040][977]LogModuleManager: Shutting down and abandoning module SettingsEditor (446)
[2018.06.14-12.52.18:041][977]LogModuleManager: Shutting down and abandoning module ProjectLauncher (444)
[2018.06.14-12.52.18:041][977]LogModuleManager: Shutting down and abandoning module SessionFrontend (442)
[2018.06.14-12.52.18:041][977]LogModuleManager: Shutting down and abandoning module ProfilerClient (440)
[2018.06.14-12.52.18:041][977]LogModuleManager: Shutting down and abandoning module DeviceManager (438)
[2018.06.14-12.52.18:041][977]LogModuleManager: Shutting down and abandoning module TargetDeviceServices (437)
[2018.06.14-12.52.18:093][977]LogModuleManager: Shutting down and abandoning module AutomationController (434)
[2018.06.14-12.52.18:093][977]LogModuleManager: Shutting down and abandoning module AutomationWindow (432)
[2018.06.14-12.52.18:093][977]LogModuleManager: Shutting down and abandoning module Layers (430)
[2018.06.14-12.52.18:093][977]LogModuleManager: Shutting down and abandoning module ComponentVisualizers (428)
[2018.06.14-12.52.18:093][977]LogModuleManager: Shutting down and abandoning module DetailCustomizations (426)
[2018.06.14-12.52.18:093][977]LogModuleManager: Shutting down and abandoning module PackagesDialog (424)
[2018.06.14-12.52.18:093][977]LogModuleManager: Shutting down and abandoning module Persona (422)
[2018.06.14-12.52.18:093][977]LogModuleManager: Shutting down and abandoning module AdvancedPreviewScene (421)
[2018.06.14-12.52.18:093][977]LogModuleManager: Shutting down and abandoning module AnimGraph (419)
[2018.06.14-12.52.18:093][977]LogModuleManager: Shutting down and abandoning module Kismet (416)
[2018.06.14-12.52.18:098][977]LogModuleManager: Shutting down and abandoning module GraphEditor (414)
[2018.06.14-12.52.18:098][977]LogModuleManager: Shutting down and abandoning module ClassViewer (412)
[2018.06.14-12.52.18:099][977]LogModuleManager: Shutting down and abandoning module Toolbox (410)
[2018.06.14-12.52.18:099][977]LogModuleManager: Shutting down and abandoning module ModuleUI (408)
[2018.06.14-12.52.18:099][977]LogModuleManager: Shutting down and abandoning module MovieSceneTools (406)
[2018.06.14-12.52.18:099][977]LogModuleManager: Shutting down and abandoning module OutputLog (404)
[2018.06.14-12.52.18:099][977]LogModuleManager: Shutting down and abandoning module GammaUI (402)
[2018.06.14-12.52.18:099][977]LogModuleManager: Shutting down and abandoning module Documentation (400)
[2018.06.14-12.52.18:099][977]LogModuleManager: Shutting down and abandoning module MovieSceneTracks (398)
[2018.06.14-12.52.18:099][977]LogModuleManager: Shutting down and abandoning module MovieScene (396)
[2018.06.14-12.52.18:099][977]LogModuleManager: Shutting down and abandoning module StreamingPauseRendering (394)
[2018.06.14-12.52.18:099][977]LogModuleManager: Shutting down and abandoning module LauncherPlatform (392)
[2018.06.14-12.52.18:099][977]LogModuleManager: Shutting down and abandoning module AnalyticsET (390)
[2018.06.14-12.52.18:099][977]LogModuleManager: Shutting down and abandoning module PortalServices (388)
[2018.06.14-12.52.18:099][977]LogModuleManager: Shutting down and abandoning module PortalRpc (386)
[2018.06.14-12.52.18:099][977]LogModuleManager: Shutting down and abandoning module MessagingRpc (384)
[2018.06.14-12.52.18:099][977]LogModuleManager: Shutting down and abandoning module AIModule (382)
[2018.06.14-12.52.18:099][977]LogModuleManager: Shutting down and abandoning module GameplayDebugger (381)
[2018.06.14-12.52.18:099][977]LogModuleManager: Shutting down and abandoning module AITestSuite (379)
[2018.06.14-12.52.18:099][977]LogModuleManager: Shutting down and abandoning module ProfilerService (376)
[2018.06.14-12.52.18:143][977]LogModuleManager: Shutting down and abandoning module TaskGraph (374)
[2018.06.14-12.52.18:143][977]LogModuleManager: Shutting down and abandoning module SteamVRController (372)
[2018.06.14-12.52.18:143][977]LogModuleManager: Shutting down and abandoning module ProceduralMeshComponentEditor (370)
[2018.06.14-12.52.18:143][977]LogModuleManager: Shutting down and abandoning module ProceduralMeshComponent (368)
[2018.06.14-12.52.18:143][977]LogModuleManager: Shutting down and abandoning module OculusInput (366)
[2018.06.14-12.52.18:143][977]LogModuleManager: Shutting down and abandoning module MobilePatchingUtils (364)
[2018.06.14-12.52.18:143][977]LogModuleManager: Shutting down and abandoning module CustomMeshComponent (362)
[2018.06.14-12.52.18:143][977]LogModuleManager: Shutting down and abandoning module CableComponent (360)
[2018.06.14-12.52.18:143][977]LogModuleManager: Shutting down and abandoning module AudioCapture (358)
[2018.06.14-12.52.18:143][977]LogModuleManager: Shutting down and abandoning module ArchVisCharacter (356)
[2018.06.14-12.52.18:143][977]LogModuleManager: Shutting down and abandoning module AndroidPermission (354)
[2018.06.14-12.52.18:143][977]LogModuleManager: Shutting down and abandoning module NUTUnrealEngine4 (350)
[2018.06.14-12.52.18:143][977]LogModuleManager: Shutting down and abandoning module NetcodeUnitTest (348)
[2018.06.14-12.52.18:143][977]LogModuleManager: Shutting down and abandoning module MediaCompositingEditor (346)
[2018.06.14-12.52.18:143][977]LogModuleManager: Shutting down and abandoning module MediaCompositing (344)
[2018.06.14-12.52.18:143][977]LogModuleManager: Shutting down and abandoning module LinearTimecode (342)
[2018.06.14-12.52.18:143][977]LogModuleManager: Shutting down and abandoning module ImgMedia (340)
[2018.06.14-12.52.18:146][977]LogModuleManager: Shutting down and abandoning module HTML5Networking (338)
[2018.06.14-12.52.18:146][977]LogModuleManager: Shutting down and abandoning module AlembicImporter (336)
[2018.06.14-12.52.18:146][977]LogModuleManager: Shutting down and abandoning module AlembicLibrary (335)
[2018.06.14-12.52.18:146][977]LogModuleManager: Shutting down and abandoning module GeometryCache (334)
[2018.06.14-12.52.18:146][977]LogModuleManager: Shutting down and abandoning module GeometryCacheEd (333)
[2018.06.14-12.52.18:146][977]LogModuleManager: Shutting down and abandoning module DatasmithContent (328)
[2018.06.14-12.52.18:146][977]LogModuleManager: Shutting down and abandoning module SpeedTreeImporter (326)
[2018.06.14-12.52.18:146][977]LogModuleManager: Shutting down and abandoning module PluginBrowser (324)
[2018.06.14-12.52.18:146][977]LogModuleManager: Shutting down and abandoning module MobileLauncherProfileWizard (322)
[2018.06.14-12.52.18:146][977]LogModuleManager: Shutting down and abandoning module CryptoKeysOpenSSL (320)
[2018.06.14-12.52.18:146][977]LogModuleManager: Shutting down and abandoning module CryptoKeys (318)
[2018.06.14-12.52.18:146][977]LogModuleManager: Shutting down and abandoning module VisualStudioSourceCodeAccess (316)
[2018.06.14-12.52.18:146][977]LogModuleManager: Shutting down and abandoning module VisualStudioCodeSourceCodeAccess (314)
[2018.06.14-12.52.18:146][977]LogModuleManager: Shutting down and abandoning module UObjectPlugin (312)
[2018.06.14-12.52.18:146][977]LogModuleManager: Shutting down and abandoning module SubversionSourceControl (310)
[2018.06.14-12.52.18:146][977]LogModuleManager: Shutting down and abandoning module PerforceSourceControl (308)
[2018.06.14-12.52.18:146][977]LogModuleManager: Shutting down and abandoning module GitSourceControl (306)
[2018.06.14-12.52.18:146][977]LogModuleManager: Shutting down and abandoning module SourceControl (305)
[2018.06.14-12.52.18:146][977]LogModuleManager: Shutting down and abandoning module CLionSourceCodeAccess (302)
[2018.06.14-12.52.18:146][977]LogModuleManager: Shutting down and abandoning module LightPropagationVolumeEditor (300)
[2018.06.14-12.52.18:146][977]LogModuleManager: Shutting down and abandoning module PaperTiledImporter (298)
[2018.06.14-12.52.18:146][977]LogModuleManager: Shutting down and abandoning module PaperSpriteSheetImporter (296)
[2018.06.14-12.52.18:146][977]LogModuleManager: Shutting down and abandoning module Paper2DEditor (294)
[2018.06.14-12.52.18:146][977]LogModuleManager: Shutting down and abandoning module MeshPaint (293)
[2018.06.14-12.52.18:146][977]LogModuleManager: Shutting down and abandoning module RuntimePhysXCooking (288)
[2018.06.14-12.52.18:146][977]LogModuleManager: Shutting down and abandoning module PhysXVehiclesEditor (286)
[2018.06.14-12.52.18:146][977]LogModuleManager: Shutting down and abandoning module PhysXVehicles (284)
[2018.06.14-12.52.18:146][977]LogModuleManager: Shutting down and abandoning module OculusEditor (282)
[2018.06.14-12.52.18:146][977]LogModuleManager: Shutting down and abandoning module LocationServicesBPLibrary (280)
[2018.06.14-12.52.18:146][977]LogModuleManager: Shutting down and abandoning module ImmediatePhysicsEditor (278)
[2018.06.14-12.52.18:146][977]LogModuleManager: Shutting down and abandoning module ImmediatePhysics (276)
[2018.06.14-12.52.18:146][977]LogModuleManager: Shutting down and abandoning module ActorSequence (274)
[2018.06.14-12.52.18:146][977]LogModuleManager: Shutting down and abandoning module UdpMessaging (272)
[2018.06.14-12.52.18:248][977]LogModuleManager: Shutting down and abandoning module TcpMessaging (270)
[2018.06.14-12.52.18:348][977]LogModuleManager: Shutting down and abandoning module GameplayTagsEditor (268)
[2018.06.14-12.52.18:348][977]LogModuleManager: Shutting down and abandoning module FacialAnimationEditor (266)
[2018.06.14-12.52.18:348][977]LogModuleManager: Shutting down and abandoning module FacialAnimation (264)
[2018.06.14-12.52.18:348][977]LogModuleManager: Shutting down and abandoning module DataValidation (262)
[2018.06.14-12.52.18:348][977]LogModuleManager: Shutting down and abandoning module AssetManagerEditor (260)
[2018.06.14-12.52.18:348][977]LogModuleManager: Shutting down and abandoning module LevelEditor (259)
[2018.06.14-12.52.18:348][977]LogModuleManager: Shutting down and abandoning module PixelInspectorModule (258)
[2018.06.14-12.52.18:348][977]LogModuleManager: Shutting down and abandoning module CommonMenuExtensions (256)
[2018.06.14-12.52.18:349][977]LogModuleManager: Shutting down and abandoning module MainFrame (254)
[2018.06.14-12.52.18:349][977]LogModuleManager: Shutting down and abandoning module HotReload (253)
[2018.06.14-12.52.18:349][977]LogDirectoryWatcher: A directory notification for 'D:/Vinicius Oliveira/Git/Replay/Replay/Binaries/Win64' was aborted.
[2018.06.14-12.52.18:349][977]LogModuleManager: Shutting down and abandoning module ContentBrowser (249)
[2018.06.14-12.52.18:350][977]LogModuleManager: Shutting down and abandoning module TreeMap (247)
[2018.06.14-12.52.18:350][977]LogModuleManager: Shutting down and abandoning module LightPropagationVolumeRuntime (244)
[2018.06.14-12.52.18:350][977]LogModuleManager: Shutting down and abandoning module LiveLinkEditor (242)
[2018.06.14-12.52.18:350][977]LogModuleManager: Shutting down and abandoning module LiveLink (240)
[2018.06.14-12.52.18:413][977]LogModuleManager: Shutting down and abandoning module Paper2D (238)
[2018.06.14-12.52.18:413][977]LogModuleManager: Shutting down and abandoning module WindowsMoviePlayer (236)
[2018.06.14-12.52.18:413][977]LogModuleManager: Shutting down and abandoning module WmfMedia (234)
[2018.06.14-12.52.18:414][977]LogModuleManager: Shutting down and abandoning module Media (233)
[2018.06.14-12.52.18:420][977]LogModuleManager: Shutting down and abandoning module PacketHandler (230)
[2018.06.14-12.52.18:420][977]LogModuleManager: Shutting down and abandoning module ClothingSystemEditor (228)
[2018.06.14-12.52.18:420][977]LogModuleManager: Shutting down and abandoning module ClothingSystemRuntime (226)
[2018.06.14-12.52.18:420][977]LogModuleManager: Shutting down and abandoning module MediaAssets (224)
[2018.06.14-12.52.18:420][977]LogModuleManager: Shutting down and abandoning module Overlay (222)
[2018.06.14-12.52.18:420][977]LogModuleManager: Shutting down and abandoning module OverlayEditor (221)
[2018.06.14-12.52.18:420][977]LogModuleManager: Shutting down and abandoning module VREditor (218)
[2018.06.14-12.52.18:420][977]LogModuleManager: Shutting down and abandoning module StringTableEditor (216)
[2018.06.14-12.52.18:420][977]LogModuleManager: Shutting down and abandoning module GameplayTasksEditor (214)
[2018.06.14-12.52.18:420][977]LogModuleManager: Shutting down and abandoning module BehaviorTreeEditor (212)
[2018.06.14-12.52.18:420][977]LogModuleManager: Shutting down and abandoning module FunctionalTesting (210)
[2018.06.14-12.52.18:420][977]LogModuleManager: Shutting down and abandoning module CollisionAnalyzer (208)
[2018.06.14-12.52.18:421][977]LogModuleManager: Shutting down and abandoning module WorkspaceMenuStructure (207)
[2018.06.14-12.52.18:421][977]LogModuleManager: Shutting down and abandoning module UMG (204)
[2018.06.14-12.52.18:421][977]LogModuleManager: Shutting down and abandoning module UMGEditor (203)
[2018.06.14-12.52.18:421][977]LogModuleManager: Shutting down and abandoning module Sequencer (202)
[2018.06.14-12.52.18:421][977]LogModuleManager: Shutting down and abandoning module MessageLog (199)
[2018.06.14-12.52.18:421][977]LogModuleManager: Shutting down and abandoning module SlateReflector (194)
[2018.06.14-12.52.18:421][977]LogModuleManager: Shutting down and abandoning module Slate (192)
[2018.06.14-12.52.18:421][977]LogModuleManager: Shutting down and abandoning module EditorStyle (190)
[2018.06.14-12.52.18:422][977]LogModuleManager: Shutting down and abandoning module MRMesh (188)
[2018.06.14-12.52.18:422][977]LogModuleManager: Shutting down and abandoning module SourceCodeAccess (186)
[2018.06.14-12.52.18:422][977]LogModuleManager: Shutting down and abandoning module HeadMountedDisplay (184)
[2018.06.14-12.52.18:422][977]LogModuleManager: Shutting down and abandoning module XAudio2 (182)
[2018.06.14-12.52.18:422][977]LogModuleManager: Shutting down and abandoning module Networking (180)
[2018.06.14-12.52.18:422][977]LogModuleManager: Shutting down and abandoning module Core (178)
[2018.06.14-12.52.18:422][977]LogModuleManager: Shutting down and abandoning module LevelSequence (176)
[2018.06.14-12.52.18:422][977]LogModuleManager: Shutting down and abandoning module KismetCompiler (174)
[2018.06.14-12.52.18:422][977]LogModuleManager: Shutting down and abandoning module MeshUtilities (172)
[2018.06.14-12.52.18:422][977]LogModuleManager: Shutting down and abandoning module MeshMergeUtilities (171)
[2018.06.14-12.52.18:422][977]LogModuleManager: Shutting down and abandoning module MeshReductionInterface (170)
[2018.06.14-12.52.18:422][977]LogModuleManager: Shutting down and abandoning module SimplygonSwarm (169)
[2018.06.14-12.52.18:422][977]LogModuleManager: Shutting down and abandoning module SimplygonMeshReduction (167)
[2018.06.14-12.52.18:422][977]LogModuleManager: Shutting down and abandoning module QuadricMeshReduction (165)
[2018.06.14-12.52.18:422][977]LogModuleManager: Shutting down and abandoning module MaterialBaking (161)
[2018.06.14-12.52.18:422][977]LogModuleManager: Shutting down and abandoning module DirectoryWatcher (157)
[2018.06.14-12.52.18:437][977]LogModuleManager: Shutting down and abandoning module DerivedDataCache (154)
[2018.06.14-12.52.18:482][977]LogDerivedDataCache: Shutdown
[2018.06.14-12.52.18:482][977]LogModuleManager: Shutting down and abandoning module XGEController (152)
[2018.06.14-12.52.18:482][977]LogModuleManager: Shutting down and abandoning module TargetPlatform (150)
[2018.06.14-12.52.18:482][977]LogModuleManager: Shutting down and abandoning module VulkanShaderFormat (149)
[2018.06.14-12.52.18:482][977]LogModuleManager: Shutting down and abandoning module ShaderFormatVectorVM (147)
[2018.06.14-12.52.18:482][977]LogModuleManager: Shutting down and abandoning module ShaderFormatOpenGL (145)
[2018.06.14-12.52.18:482][977]LogModuleManager: Shutting down and abandoning module ShaderFormatD3D (143)
[2018.06.14-12.52.18:482][977]LogModuleManager: Shutting down and abandoning module MetalShaderFormat (141)
[2018.06.14-12.52.18:482][977]LogModuleManager: Shutting down and abandoning module TextureFormatUncompressed (139)
[2018.06.14-12.52.18:482][977]LogModuleManager: Shutting down and abandoning module TextureFormatPVR (137)
[2018.06.14-12.52.18:482][977]LogModuleManager: Shutting down and abandoning module TextureFormatDXT (135)
[2018.06.14-12.52.18:482][977]LogModuleManager: Shutting down and abandoning module TextureFormatIntelISPCTexComp (133)
[2018.06.14-12.52.18:483][977]LogModuleManager: Shutting down and abandoning module TextureFormatASTC (131)
[2018.06.14-12.52.18:483][977]LogModuleManager: Shutting down and abandoning module ImageWrapper (130)
[2018.06.14-12.52.18:483][977]LogModuleManager: Shutting down and abandoning module TextureFormatAndroid (127)
[2018.06.14-12.52.18:483][977]LogModuleManager: Shutting down and abandoning module AudioFormatOpus (125)
[2018.06.14-12.52.18:483][977]LogModuleManager: Shutting down and abandoning module AudioFormatOgg (123)
[2018.06.14-12.52.18:483][977]LogModuleManager: Shutting down and abandoning module AudioFormatADPCM (121)
[2018.06.14-12.52.18:483][977]LogModuleManager: Shutting down and abandoning module LinuxTargetPlatform (119)
[2018.06.14-12.52.18:483][977]LogModuleManager: Shutting down and abandoning module LinuxServerTargetPlatform (117)
[2018.06.14-12.52.18:483][977]LogModuleManager: Shutting down and abandoning module LinuxNoEditorTargetPlatform (115)
[2018.06.14-12.52.18:483][977]LogModuleManager: Shutting down and abandoning module LinuxClientTargetPlatform (113)
[2018.06.14-12.52.18:483][977]LogModuleManager: Shutting down and abandoning module TVOSTargetPlatform (111)
[2018.06.14-12.52.18:483][977]LogModuleManager: Shutting down and abandoning module Messaging (109)
[2018.06.14-12.52.18:483][977]LogModuleManager: Shutting down and abandoning module IOSTargetPlatform (107)
[2018.06.14-12.52.18:483][977]LogModuleManager: Shutting down and abandoning module HTML5TargetPlatform (105)
[2018.06.14-12.52.18:483][977]LogModuleManager: Shutting down and abandoning module AndroidTargetPlatform (103)
[2018.06.14-12.52.18:483][977]LogModuleManager: Shutting down and abandoning module Android_PVRTCTargetPlatform (101)
[2018.06.14-12.52.18:483][977]LogModuleManager: Shutting down and abandoning module Android_MultiTargetPlatform (99)
[2018.06.14-12.52.18:483][977]LogModuleManager: Shutting down and abandoning module Android_ETC2TargetPlatform (97)
[2018.06.14-12.52.18:483][977]LogModuleManager: Shutting down and abandoning module Android_ETC1TargetPlatform (95)
[2018.06.14-12.52.18:483][977]LogModuleManager: Shutting down and abandoning module Android_ETC1aTargetPlatform (93)
[2018.06.14-12.52.18:483][977]LogModuleManager: Shutting down and abandoning module Android_DXTTargetPlatform (91)
[2018.06.14-12.52.18:483][977]LogModuleManager: Shutting down and abandoning module Android_ATCTargetPlatform (89)
[2018.06.14-12.52.18:483][977]LogModuleManager: Shutting down and abandoning module Android_ASTCTargetPlatform (87)
[2018.06.14-12.52.18:483][977]LogModuleManager: Shutting down and abandoning module WindowsTargetPlatform (85)
[2018.06.14-12.52.18:483][977]LogModuleManager: Shutting down and abandoning module WindowsServerTargetPlatform (83)
[2018.06.14-12.52.18:483][977]LogModuleManager: Shutting down and abandoning module WindowsNoEditorTargetPlatform (81)
[2018.06.14-12.52.18:483][977]LogModuleManager: Shutting down and abandoning module WindowsClientTargetPlatform (79)
[2018.06.14-12.52.18:483][977]LogModuleManager: Shutting down and abandoning module MacTargetPlatform (77)
[2018.06.14-12.52.18:483][977]LogModuleManager: Shutting down and abandoning module MacServerTargetPlatform (75)
[2018.06.14-12.52.18:483][977]LogModuleManager: Shutting down and abandoning module MacNoEditorTargetPlatform (73)
[2018.06.14-12.52.18:483][977]LogModuleManager: Shutting down and abandoning module MacClientTargetPlatform (71)
[2018.06.14-12.52.18:483][977]LogModuleManager: Shutting down and abandoning module AllDesktopTargetPlatform (69)
[2018.06.14-12.52.18:483][977]LogModuleManager: Shutting down and abandoning module InputCore (66)
[2018.06.14-12.52.18:483][977]LogModuleManager: Shutting down and abandoning module Settings (64)
[2018.06.14-12.52.18:483][977]LogModuleManager: Shutting down and abandoning module PhysXCooking (62)
[2018.06.14-12.52.18:483][977]LogModuleManager: Shutting down and abandoning module SteamVR (60)
[2018.06.14-12.52.18:483][977]LogModuleManager: Shutting down and abandoning module OculusHMD (58)
[2018.06.14-12.52.18:483][977]LogModuleManager: Shutting down and abandoning module ExampleDeviceProfileSelector (56)
[2018.06.14-12.52.18:483][977]LogModuleManager: Shutting down and abandoning module AppleARKit (54)
[2018.06.14-12.52.18:483][977]LogModuleManager: Shutting down and abandoning module AugmentedReality (51)
[2018.06.14-12.52.18:483][977]LogModuleManager: Shutting down and abandoning module OnlineBlueprintSupport (48)
[2018.06.14-12.52.18:483][977]LogModuleManager: Shutting down and abandoning module OnlineSubsystem (44)
[2018.06.14-12.52.18:483][977]LogModuleManager: Shutting down and abandoning module XMPP (43)
[2018.06.14-12.52.18:483][977]LogModuleManager: Shutting down and abandoning module HTTP (41)
[2018.06.14-12.52.18:483][977]LogHttp: Display: Http module shutting down, but needs to wait on 1 outstanding Http requests:
[2018.06.14-12.52.18:483][977]LogHttp: Display: 	verb=[POST] url=[https://datarouter.ol.epicgames.com/datarouter/api/v1/public/data?SessionID=%7B1F087892-40CE-4A46-CC82-17B70BABF7DA%7D&AppID=UEEditor.Rocket.Release&AppVersion=4.19.2-4033788%2B%2B%2BUE4%2BRelease-4.19&UserID=952520a74cbaa046424d2d9a10bbc26d%7C1e251b31f5364483866a46585c70edc5%7C6ca8e52d-7cd9-41f7-a671-b5b6dbf59f4e&AppEnvironment=datacollector-binary&UploadType=eteventstream] status=Processing
[2018.06.14-12.52.18:497][977]LogModuleManager: Shutting down and abandoning module SSL (40)
[2018.06.14-12.52.18:498][977]LogModuleManager: Shutting down and abandoning module AnimationModifiers (36)
[2018.06.14-12.52.18:498][977]LogModuleManager: Shutting down and abandoning module PropertyEditor (35)
[2018.06.14-12.52.18:498][977]LogModuleManager: Shutting down and abandoning module AudioEditor (32)
[2018.06.14-12.52.18:498][977]LogModuleManager: Shutting down and abandoning module TextureCompressor (30)
[2018.06.14-12.52.18:498][977]LogModuleManager: Shutting down and abandoning module ShaderCore (28)
[2018.06.14-12.52.18:498][977]LogModuleManager: Shutting down and abandoning module Landscape (26)
[2018.06.14-12.52.18:498][977]LogModuleManager: Shutting down and abandoning module SlateRHIRenderer (24)
[2018.06.14-12.52.18:499][977]LogModuleManager: Shutting down and abandoning module OpenGLDrv (22)
[2018.06.14-12.52.18:499][977]LogModuleManager: Shutting down and abandoning module D3D11RHI (20)
[2018.06.14-12.52.18:499][977]LogModuleManager: Shutting down and abandoning module AnimGraphRuntime (18)
[2018.06.14-12.52.18:499][977]LogModuleManager: Shutting down and abandoning module Renderer (16)
[2018.06.14-12.52.18:499][977]LogModuleManager: Shutting down and abandoning module Engine (14)
[2018.06.14-12.52.18:499][977]LogModuleManager: Shutting down and abandoning module CoreUObject (12)
[2018.06.14-12.52.18:499][977]LogModuleManager: Shutting down and abandoning module NetworkFile (10)
[2018.06.14-12.52.18:499][977]LogModuleManager: Shutting down and abandoning module CookedIterativeFile (8)
[2018.06.14-12.52.18:499][977]LogModuleManager: Shutting down and abandoning module StreamingFile (6)
[2018.06.14-12.52.18:499][977]LogModuleManager: Shutting down and abandoning module SandboxFile (4)
[2018.06.14-12.52.18:499][977]LogModuleManager: Shutting down and abandoning module PakFile (2)
[2018.06.14-12.52.18:503][977]LogExit: Exiting.
[2018.06.14-12.52.18:508][977]Log file closed, 06/14/18 09:52:18
